[    0.000000] Initializing cgroup subsys cpuset
[    0.000000] Initializing cgroup subsys cpu
[    0.000000] Initializing cgroup subsys cpuacct
[    0.000000] Linux version 4.4.0-210-generic (buildd@lgw01-amd64-009) (gcc version 5.4.0 20160609 (Ubuntu 5.4.0-6ubuntu1~16.04.12) ) #242-Ubuntu SMP Fri Apr 16 09:57:56 UTC 2021 (Ubuntu 4.4.0-210.242-generic 4.4.262)
[    0.000000] Command line: BOOT_IMAGE=/boot/vmlinuz-4.4.0-210-generic root=LABEL=cloudimg-rootfs ro console=tty1 console=ttyS0
[    0.000000] KERNEL supported cpus:
[    0.000000]   Intel GenuineIntel
[    0.000000]   AMD AuthenticAMD
[    0.000000]   Centaur CentaurHauls
[    0.000000] x86/fpu: xstate_offset[2]:  576, xstate_sizes[2]:  256
[    0.000000] x86/fpu: Supporting XSAVE feature 0x01: 'x87 floating point registers'
[    0.000000] x86/fpu: Supporting XSAVE feature 0x02: 'SSE registers'
[    0.000000] x86/fpu: Supporting XSAVE feature 0x04: 'AVX registers'
[    0.000000] x86/fpu: Enabled xstate features 0x7, context size is 832 bytes, using 'standard' format.
[    0.000000] e820: BIOS-provided physical RAM map:
[    0.000000] BIOS-e820: [mem 0x0000000000000000-0x000000000009fbff] usable
[    0.000000] BIOS-e820: [mem 0x000000000009fc00-0x000000000009ffff] reserved
[    0.000000] BIOS-e820: [mem 0x00000000000f0000-0x00000000000fffff] reserved
[    0.000000] BIOS-e820: [mem 0x0000000000100000-0x000000003ffeffff] usable
[    0.000000] BIOS-e820: [mem 0x000000003fff0000-0x000000003fffffff] ACPI data
[    0.000000] BIOS-e820: [mem 0x00000000fec00000-0x00000000fec00fff] reserved
[    0.000000] BIOS-e820: [mem 0x00000000fee00000-0x00000000fee00fff] reserved
[    0.000000] BIOS-e820: [mem 0x00000000fffc0000-0x00000000ffffffff] reserved
[    0.000000] NX (Execute Disable) protection: active
[    0.000000] SMBIOS 2.5 present.
[    0.000000] Hypervisor detected: KVM
[    0.000000] e820: last_pfn = 0x3fff0 max_arch_pfn = 0x400000000
[    0.000000] MTRR: Disabled
[    0.000000] x86/PAT: MTRRs disabled, skipping PAT initialization too.
[    0.000000] CPU MTRRs all blank - virtualized system.
[    0.000000] x86/PAT: Configuration [0-7]: WB  WT  UC- UC  WB  WT  UC- UC  
[    0.000000] found SMP MP-table at [mem 0x0009fff0-0x0009ffff] mapped at [ffff88000009fff0]
[    0.000000] Scanning 1 areas for low memory corruption
[    0.000000] RAMDISK: [mem 0x362dc000-0x37165fff]
[    0.000000] ACPI: Early table checksum verification disabled
[    0.000000] ACPI: RSDP 0x00000000000E0000 000024 (v02 VBOX  )
[    0.000000] ACPI: XSDT 0x000000003FFF0030 00003C (v01 VBOX   VBOXXSDT 00000001 ASL  00000061)
[    0.000000] ACPI: FACP 0x000000003FFF00F0 0000F4 (v04 VBOX   VBOXFACP 00000001 ASL  00000061)
[    0.000000] ACPI: DSDT 0x000000003FFF0610 002353 (v02 VBOX   VBOXBIOS 00000002 INTL 20200528)
[    0.000000] ACPI: FACS 0x000000003FFF0200 000040
[    0.000000] ACPI: FACS 0x000000003FFF0200 000040
[    0.000000] ACPI: APIC 0x000000003FFF0240 000054 (v02 VBOX   VBOXAPIC 00000001 ASL  00000061)
[    0.000000] ACPI: SSDT 0x000000003FFF02A0 00036C (v01 VBOX   VBOXCPUT 00000002 INTL 20200528)
[    0.000000] No NUMA configuration found
[    0.000000] Faking a node at [mem 0x0000000000000000-0x000000003ffeffff]
[    0.000000] NODE_DATA(0) allocated [mem 0x3ffeb000-0x3ffeffff]
[    0.000000] kvm-clock: Using msrs 4b564d01 and 4b564d00
[    0.000000] kvm-clock: cpu 0, msr 0:3ffe3001, primary cpu clock
[    0.000000] kvm-clock: using sched offset of 3279252594 cycles
[    0.000000] clocksource: kvm-clock: mask: 0xffffffffffffffff max_cycles: 0x1cd42e4dffb, max_idle_ns: 881590591483 ns
[    0.000000] Zone ranges:
[    0.000000]   DMA      [mem 0x0000000000001000-0x0000000000ffffff]
[    0.000000]   DMA32    [mem 0x0000000001000000-0x000000003ffeffff]
[    0.000000]   Normal   empty
[    0.000000]   Device   empty
[    0.000000] Movable zone start for each node
[    0.000000] Early memory node ranges
[    0.000000]   node   0: [mem 0x0000000000001000-0x000000000009efff]
[    0.000000]   node   0: [mem 0x0000000000100000-0x000000003ffeffff]
[    0.000000] Initmem setup node 0 [mem 0x0000000000001000-0x000000003ffeffff]
[    0.000000] ACPI: PM-Timer IO Port: 0x4008
[    0.000000] IOAPIC[0]: apic_id 1, version 32, address 0xfec00000, GSI 0-23
[    0.000000] ACPI: INT_SRC_OVR (bus 0 bus_irq 0 global_irq 2 dfl dfl)
[    0.000000] ACPI: INT_SRC_OVR (bus 0 bus_irq 9 global_irq 9 low level)
[    0.000000] Using ACPI (MADT) for SMP configuration information
[    0.000000] smpboot: Allowing 1 CPUs, 0 hotplug CPUs
[    0.000000] PM: Registered nosave memory: [mem 0x00000000-0x00000fff]
[    0.000000] PM: Registered nosave memory: [mem 0x0009f000-0x0009ffff]
[    0.000000] PM: Registered nosave memory: [mem 0x000a0000-0x000effff]
[    0.000000] PM: Registered nosave memory: [mem 0x000f0000-0x000fffff]
[    0.000000] e820: [mem 0x40000000-0xfebfffff] available for PCI devices
[    0.000000] Booting paravirtualized kernel on KVM
[    0.000000] clocksource: refined-jiffies: mask: 0xffffffff max_cycles: 0xffffffff, max_idle_ns: 7645519600211568 ns
[    0.000000] setup_percpu: NR_CPUS:512 nr_cpumask_bits:512 nr_cpu_ids:1 nr_node_ids:1
[    0.000000] PERCPU: Embedded 33 pages/cpu @ffff88003fc00000 s95192 r8192 d31784 u2097152
[    0.000000] Built 1 zonelists in Node order, mobility grouping on.  Total pages: 257912
[    0.000000] Policy zone: DMA32
[    0.000000] Kernel command line: BOOT_IMAGE=/boot/vmlinuz-4.4.0-210-generic root=LABEL=cloudimg-rootfs ro console=tty1 console=ttyS0
[    0.000000] PID hash table entries: 4096 (order: 3, 32768 bytes)
[    0.000000] Memory: 997924K/1048120K available (8644K kernel code, 1332K rwdata, 4044K rodata, 1492K init, 1164K bss, 50196K reserved, 0K cma-reserved)
[    0.000000] SLUB: HWalign=64, Order=0-3, MinObjects=0, CPUs=1, Nodes=1
[    0.000000] Kernel/User page tables isolation: enabled
[    0.000000] Hierarchical RCU implementation.
[    0.000000] 	Build-time adjustment of leaf fanout to 64.
[    0.000000] 	RCU restricting CPUs from NR_CPUS=512 to nr_cpu_ids=1.
[    0.000000] RCU: Adjusting geometry for rcu_fanout_leaf=64, nr_cpu_ids=1
[    0.000000] NR_IRQS:33024 nr_irqs:256 16
[    0.000000] Console: colour VGA+ 80x25
[    0.000000] console [tty1] enabled
[    0.000000] console [ttyS0] enabled
[    0.000000] tsc: Detected 2596.616 MHz processor
[    0.434042] Calibrating delay loop (skipped) preset value.. 5193.23 BogoMIPS (lpj=10386464)
[    0.439242] pid_max: default: 32768 minimum: 301
[    0.442896] ACPI: Core revision 20150930
[    0.446783] ACPI: 2 ACPI AML tables successfully acquired and loaded
[    0.451048] Security Framework initialized
[    0.454011] Yama: becoming mindful.
[    0.456700] AppArmor: AppArmor initialized
[    0.459188] Dentry cache hash table entries: 131072 (order: 8, 1048576 bytes)
[    0.464591] Inode-cache hash table entries: 65536 (order: 7, 524288 bytes)
[    0.469615] Mount-cache hash table entries: 2048 (order: 2, 16384 bytes)
[    0.473517] Mountpoint-cache hash table entries: 2048 (order: 2, 16384 bytes)
[    0.478584] Initializing cgroup subsys io
[    0.480961] Initializing cgroup subsys memory
[    0.483609] Initializing cgroup subsys devices
[    0.486218] Initializing cgroup subsys freezer
[    0.488822] Initializing cgroup subsys net_cls
[    0.491446] Initializing cgroup subsys perf_event
[    0.494813] Initializing cgroup subsys net_prio
[    0.497517] Initializing cgroup subsys hugetlb
[    0.500125] Initializing cgroup subsys pids
[    0.516868] mce: CPU supports 0 MCE banks
[    0.519976] process: using mwait in idle threads
[    0.522676] Last level iTLB entries: 4KB 64, 2MB 8, 4MB 8
[    0.527192] Last level dTLB entries: 4KB 64, 2MB 0, 4MB 0, 1GB 4
[    0.530895] Spectre V1 : Mitigation: usercopy/swapgs barriers and __user pointer sanitization
[    0.535984] Spectre V2 : Mitigation: Full generic retpoline
[    0.539209] Spectre V2 : Spectre v2 / SpectreRSB mitigation: Filling RSB on context switch
[    0.544922] Speculative Store Bypass: Vulnerable
[    0.547624] SRBDS: Unknown: Dependent on hypervisor status
[    0.551287] MDS: Mitigation: Clear CPU buffers
[    0.707083] Freeing SMP alternatives memory: 36K
[    0.775408] ftrace: allocating 32380 entries in 127 pages
[    1.222714] smpboot: APIC(0) Converting physical 0 to logical package 0
[    1.226581] smpboot: Max logical packages: 1
[    1.230512] x2apic enabled
[    1.233694] Switched APIC routing to physical x2apic.
[    1.244147] ..TIMER: vector=0x30 apic1=0 pin1=2 apic2=-1 pin2=-1
[    1.355979] APIC calibration not consistent with PM-Timer: 200ms instead of 100ms
[    1.360409] APIC delta adjusted to PM-Timer: 6249989 (12500713)
[    1.363945] smpboot: CPU0: Intel(R) Core(TM) i7-9750H CPU @ 2.60GHz (family: 0x6, model: 0x9e, stepping: 0xa)
[    1.370441] Performance Events: unsupported p6 CPU model 158 no PMU driver, software events only.
[    1.443189] KVM setup paravirtual spinlock
[    1.446531] x86: Booted up 1 node, 1 CPUs
[    1.448979] smpboot: Total of 1 processors activated (5193.23 BogoMIPS)
[    1.453996] devtmpfs: initialized
[    1.457571] evm: security.selinux
[    1.459730] evm: security.SMACK64
[    1.461803] evm: security.SMACK64EXEC
[    1.464128] evm: security.SMACK64TRANSMUTE
[    1.466611] evm: security.SMACK64MMAP
[    1.468867] evm: security.ima
[    1.470757] evm: security.capability
[    1.473286] clocksource: jiffies: mask: 0xffffffff max_cycles: 0xffffffff, max_idle_ns: 7645041785100000 ns
[    1.479025] futex hash table entries: 256 (order: 2, 16384 bytes)
[    1.482719] pinctrl core: initialized pinctrl subsystem
[    1.486153] RTC time: 12:19:37, date: 03/06/23
[    1.489131] NET: Registered protocol family 16
[    1.492060] cpuidle: using governor ladder
[    1.494675] cpuidle: using governor menu
[    1.497095] PCCT header not found.
[    1.499312] ACPI: bus type PCI registered
[    1.501759] acpiphp: ACPI Hot Plug PCI Controller Driver version: 0.5
[    1.505846] PCI: Using configuration type 1 for base access
[    1.511212] ACPI: Added _OSI(Module Device)
[    1.513703] ACPI: Added _OSI(Processor Device)
[    1.516366] ACPI: Added _OSI(3.0 _SCP Extensions)
[    1.519062] ACPI: Added _OSI(Processor Aggregator Device)
[    1.522940] ACPI: Executed 1 blocks of module-level executable AML code
[    1.529399] ACPI: Interpreter enabled
[    1.531567] ACPI: (supports S0 S5)
[    1.533630] ACPI: Using IOAPIC for interrupt routing
[    1.536770] PCI: Using host bridge windows from ACPI; if necessary, use "pci=nocrs" and report a bug
[    1.548239] ACPI: PCI Root Bridge [PCI0] (domain 0000 [bus 00-ff])
[    1.551636] acpi PNP0A03:00: _OSC: OS supports [ASPM ClockPM Segments MSI]
[    1.555980] acpi PNP0A03:00: _OSC: not requesting OS control; OS requires [ExtendedConfig ASPM ClockPM MSI]
[    1.562287] acpi PNP0A03:00: fail to add MMCONFIG information, can't access extended PCI configuration space under this bridge.
[    1.569876] PCI host bridge to bus 0000:00
[    1.572299] pci_bus 0000:00: root bus resource [io  0x0000-0x0cf7 window]
[    1.576210] pci_bus 0000:00: root bus resource [io  0x0d00-0xffff window]
[    1.580036] pci_bus 0000:00: root bus resource [mem 0x000a0000-0x000bffff window]
[    1.584288] pci_bus 0000:00: root bus resource [mem 0x40000000-0xfdffffff window]
[    1.588489] pci_bus 0000:00: root bus resource [bus 00-ff]
[    1.596491] pci 0000:00:01.1: legacy IDE quirk: reg 0x10: [io  0x01f0-0x01f7]
[    1.610732] pci 0000:00:01.1: legacy IDE quirk: reg 0x14: [io  0x03f6]
[    1.614425] pci 0000:00:01.1: legacy IDE quirk: reg 0x18: [io  0x0170-0x0177]
[    1.618372] pci 0000:00:01.1: legacy IDE quirk: reg 0x1c: [io  0x0376]
[    1.653865] pci 0000:00:07.0: quirk: [io  0x4000-0x403f] claimed by PIIX4 ACPI
[    1.658031] pci 0000:00:07.0: quirk: [io  0x4100-0x410f] claimed by PIIX4 SMB
[    1.671741] ACPI: PCI Interrupt Link [LNKA] (IRQs 5 9 10 *11)
[    1.676855] ACPI: PCI Interrupt Link [LNKB] (IRQs 5 9 *10 11)
[    1.681563] ACPI: PCI Interrupt Link [LNKC] (IRQs 5 *9 10 11)
[    1.686399] ACPI: PCI Interrupt Link [LNKD] (IRQs 5 9 10 *11)
[    1.691226] ACPI: Enabled 2 GPEs in block 00 to 07
[    1.694627] vgaarb: setting as boot device: PCI:0000:00:02.0
[    1.697798] vgaarb: device added: PCI:0000:00:02.0,decodes=io+mem,owns=io+mem,locks=none
[    1.702376] vgaarb: loaded
[    1.704051] vgaarb: bridge control possible 0000:00:02.0
[    1.707686] SCSI subsystem initialized
[    1.710572] ACPI: bus type USB registered
[    1.712956] usbcore: registered new interface driver usbfs
[    1.716046] usbcore: registered new interface driver hub
[    1.719017] usbcore: registered new device driver usb
[    1.722082] PCI: Using ACPI for IRQ routing
[    1.725190] NetLabel: Initializing
[    1.727809] NetLabel:  domain hash size = 128
[    1.730313] NetLabel:  protocols = UNLABELED CIPSOv4
[    1.733152] NetLabel:  unlabeled traffic allowed by default
[    1.736303] amd_nb: Cannot enumerate AMD northbridges
[    1.739162] clocksource: Switched to clocksource kvm-clock
[    1.753568] AppArmor: AppArmor Filesystem Enabled
[    1.756729] pnp: PnP ACPI init
[    1.760511] pnp: PnP ACPI: found 3 devices
[    1.769899] clocksource: acpi_pm: mask: 0xffffff max_cycles: 0xffffff, max_idle_ns: 2085701024 ns
[    1.774927] NET: Registered protocol family 2
[    1.777682] TCP established hash table entries: 8192 (order: 4, 65536 bytes)
[    1.781831] TCP bind hash table entries: 8192 (order: 5, 131072 bytes)
[    1.785553] TCP: Hash tables configured (established 8192 bind 8192)
[    1.789184] UDP hash table entries: 512 (order: 2, 16384 bytes)
[    1.793432] UDP-Lite hash table entries: 512 (order: 2, 16384 bytes)
[    1.797067] NET: Registered protocol family 1
[    1.799590] pci 0000:00:00.0: Limiting direct PCI/PCI transfers
[    1.803000] pci 0000:00:01.0: Activating ISA DMA hang workarounds
[    1.806756] Unpacking initramfs...
[    2.028373] Freeing initrd memory: 14888K
[    2.030941] clocksource: tsc: mask: 0xffffffffffffffff max_cycles: 0x256dbf4aee4, max_idle_ns: 440795250466 ns
[    2.036366] platform rtc_cmos: registered platform RTC device (no PNP device found)
[    2.041183] Scanning for low memory corruption every 60 seconds
[    2.044832] audit: initializing netlink subsys (disabled)
[    2.048114] audit: type=2000 audit(1678105181.712:1): initialized
[    2.052017] Initialise system trusted keyring
[    2.054818] HugeTLB registered 2 MB page size, pre-allocated 0 pages
[    2.059790] zbud: loaded
[    2.061796] VFS: Disk quotas dquot_6.6.0
[    2.064248] VFS: Dquot-cache hash table entries: 512 (order 0, 4096 bytes)
[    2.068444] squashfs: version 4.0 (2009/01/31) Phillip Lougher
[    2.072231] fuse init (API version 7.23)
[    2.075484] Key type big_key registered
[    2.077929] Allocating IMA MOK and blacklist keyrings.
[    2.081719] Key type asymmetric registered
[    2.084178] Asymmetric key parser 'x509' registered
[    2.087214] Block layer SCSI generic (bsg) driver version 0.4 loaded (major 249)
[    2.091656] io scheduler noop registered
[    2.093968] io scheduler deadline registered (default)
[    2.096936] io scheduler cfq registered
[    2.099687] pci_hotplug: PCI Hot Plug PCI Core version: 0.5
[    2.102864] pciehp: PCI Express Hot Plug Controller Driver version: 0.4
[    2.107363] ACPI: AC Adapter [AC] (on-line)
[    2.109972] input: Power Button as /devices/LNXSYSTM:00/LNXPWRBN:00/input/input0
[    2.115134] ACPI: Power Button [PWRF]
[    2.117423] input: Sleep Button as /devices/LNXSYSTM:00/LNXSLPBN:00/input/input1
[    2.121842] ACPI: Sleep Button [SLPF]
[    2.125914] ACPI: Battery Slot [BAT0] (battery present)
[    2.128901] GHES: HEST is not enabled!
[    2.131235] Serial: 8250/16550 driver, 32 ports, IRQ sharing enabled
[    2.160659] 00:02: ttyS0 at I/O 0x3f8 (irq = 4, base_baud = 115200) is a 16550A
[    2.165859] Linux agpgart interface v0.103
[    2.170177] loop: module loaded
[    2.173027] scsi host0: ata_piix
[    2.175608] scsi host1: ata_piix
[    2.177597] ata1: PATA max UDMA/33 cmd 0x1f0 ctl 0x3f6 bmdma 0xd000 irq 14
[    2.181445] ata2: PATA max UDMA/33 cmd 0x170 ctl 0x376 bmdma 0xd008 irq 15
[    2.186700] libphy: Fixed MDIO Bus: probed
[    2.189063] tun: Universal TUN/TAP device driver, 1.6
[    2.192067] tun: (C) 1999-2004 Max Krasnyansky <maxk@qualcomm.com>
[    2.195527] PPP generic driver version 2.4.2
[    2.198137] ehci_hcd: USB 2.0 'Enhanced' Host Controller (EHCI) Driver
[    2.201759] ehci-pci: EHCI PCI platform driver
[    2.204308] ehci-platform: EHCI generic platform driver
[    2.208006] ohci_hcd: USB 1.1 'Open' Host Controller (OHCI) Driver
[    2.211634] ohci-pci: OHCI PCI platform driver
[    2.214337] ohci-platform: OHCI generic platform driver
[    2.217442] uhci_hcd: USB Universal Host Controller Interface driver
[    2.221255] i8042: PNP: PS/2 Controller [PNP0303:PS2K,PNP0f03:PS2M] at 0x60,0x64 irq 1,12
[    2.229026] serio: i8042 KBD port at 0x60,0x64 irq 1
[    2.231883] serio: i8042 AUX port at 0x60,0x64 irq 12
[    2.234807] mousedev: PS/2 mouse device common for all mice
[    2.238738] input: AT Translated Set 2 keyboard as /devices/platform/i8042/serio0/input/input2
[    2.246147] rtc_cmos rtc_cmos: rtc core: registered rtc_cmos as rtc0
[    2.250643] rtc_cmos rtc_cmos: alarms up to one day, 114 bytes nvram
[    2.254331] i2c /dev entries driver
[    2.256557] device-mapper: uevent: version 1.0.3
[    2.259465] device-mapper: ioctl: 4.34.0-ioctl (2015-10-28) initialised: dm-devel@redhat.com
[    2.264625] ledtrig-cpu: registered to indicate activity on CPUs
[    2.268344] NET: Registered protocol family 10
[    2.271191] NET: Registered protocol family 17
[    2.273923] Key type dns_resolver registered
[    2.276700] registered taskstats version 1
[    2.279202] Loading compiled-in X.509 certificates
[    2.282707] Loaded X.509 cert 'Build time autogenerated kernel key: cf00e047681d67edb2720680708b7d9498083038'
[    2.288420] zswap: loaded using pool lzo/zbud
[    2.292778] Key type trusted registered
[    2.297806] Key type encrypted registered
[    2.300263] AppArmor: AppArmor sha1 policy hashing enabled
[    2.303708] ima: No TPM chip found, activating TPM-bypass!
[    2.307005] ima: Allocated hash algorithm: sha1
[    2.309777] evm: HMAC attrs: 0x1
[    2.312587]   Magic number: 15:972:328
[    2.315378] rtc_cmos rtc_cmos: setting system clock to 2023-03-06 12:19:38 UTC (1678105178)
[    2.320918] BIOS EDD facility v0.16 2004-Jun-25, 0 devices found
[    2.326046] EDD information not available.
[    2.384735] Freeing unused kernel memory: 1492K
[    2.387507] Write protecting the kernel read-only data: 14336k
[    2.392876] Freeing unused kernel memory: 1584K
[    2.396261] Freeing unused kernel memory: 52K
Loading, please wait...
starting version 229
[    2.413867] random: udevadm: uninitialized urandom read (16 bytes read, 3 bits of entropy available)
[    2.419309] random: udevadm: uninitialized urandom read (16 bytes read, 3 bits of entropy available)
[    2.425957] random: systemd-udevd: uninitialized urandom read (16 bytes read, 3 bits of entropy available)
[    2.431793] random: systemd-udevd: uninitialized urandom read (16 bytes read, 3 bits of entropy available)
[    2.437211] random: systemd-udevd: uninitialized urandom read (16 bytes read, 3 bits of entropy available)
[    2.450306] random: systemd-udevd: uninitialized urandom read (16 bytes read, 3 bits of entropy available)
[    2.492476] random: udevadm: uninitialized urandom read (16 bytes read, 3 bits of entropy available)
[    2.501318] random: udevadm: uninitialized urandom read (16 bytes read, 3 bits of entropy available)
[    2.507600] random: udevadm: uninitialized urandom read (16 bytes read, 3 bits of entropy available)
[    2.513336] random: udevadm: uninitialized urandom read (16 bytes read, 3 bits of entropy available)
[    2.598415] e1000: Intel(R) PRO/1000 Network Driver - version 7.3.21-k8-NAPI
[    2.603355] e1000: Copyright (c) 1999-2006 Intel Corporation.
[    2.613559] Fusion MPT base driver 3.04.20
[    2.616125] Copyright (c) 1999-2008 LSI Corporation
[    2.662632] AVX2 version of gcm_enc/dec engaged.
[    2.665328] AES CTR mode by8 optimization enabled
[    2.676346] Fusion MPT SPI Host driver 3.04.20
[    2.871579] input: ImExPS/2 Generic Explorer Mouse as /devices/platform/i8042/serio1/input/input4
[    3.153977] e1000 0000:00:03.0 eth0: (PCI:33MHz:32-bit) 02:be:82:6b:cc:1d
[    3.158086] e1000 0000:00:03.0 eth0: Intel(R) PRO/1000 Network Connection
[    3.162929] mptbase: ioc0: Initiating bringup
[    3.234125] ioc0: LSI53C1030 A0: Capabilities={Initiator}
[    3.404471] scsi host2: ioc0: LSI53C1030 A0, FwRev=00000000h, Ports=1, MaxQ=256, IRQ=20
[    3.523020] scsi 2:0:0:0: Direct-Access     VBOX     HARDDISK         1.0  PQ: 0 ANSI: 5
[    3.530237] scsi target2:0:0: Beginning Domain Validation
[    3.537482] scsi target2:0:0: Domain Validation skipping write tests
[    3.542901] scsi target2:0:0: Ending Domain Validation
[    3.546798] scsi target2:0:0: asynchronous
[    3.551208] scsi 2:0:1:0: Direct-Access     VBOX     HARDDISK         1.0  PQ: 0 ANSI: 5
[    3.557512] scsi target2:0:1: Beginning Domain Validation
[    3.582268] scsi target2:0:1: Domain Validation skipping write tests
[    3.589312] scsi target2:0:1: Ending Domain Validation
[    3.603225] scsi target2:0:1: asynchronous
[    3.802316] sd 2:0:0:0: [sda] 83886080 512-byte logical blocks: (42.9 GB/40.0 GiB)
[    3.807418] sd 2:0:0:0: Attached scsi generic sg0 type 0
[    3.810821] sd 2:0:1:0: [sdb] 20480 512-byte logical blocks: (10.5 MB/10.0 MiB)
[    3.815189] sd 2:0:1:0: Attached scsi generic sg1 type 0
[    3.818908] sd 2:0:0:0: [sda] Write Protect is off
[    3.821829] sd 2:0:1:0: [sdb] Write Protect is off
[    3.824725] sd 2:0:1:0: [sdb] Incomplete mode parameter data
[    3.827969] sd 2:0:1:0: [sdb] Assuming drive cache: write through
[    3.838516] sd 2:0:0:0: [sda] Incomplete mode parameter data
[    3.841682] sd 2:0:0:0: [sda] Assuming drive cache: write through
[    3.847474] sd 2:0:1:0: [sdb] Attached SCSI disk
[    3.868390]  sda: sda1
[    3.871597] sd 2:0:0:0: [sda] Attached SCSI disk
[    4.082066] e1000 0000:00:08.0 eth1: (PCI:33MHz:32-bit) 08:00:27:b7:4f:b2
[    4.086192] e1000 0000:00:08.0 eth1: Intel(R) PRO/1000 Network Connection
[    4.091454] e1000 0000:00:08.0 enp0s8: renamed from eth1
[    4.096528] e1000 0000:00:03.0 enp0s3: renamed from eth0
Begin: Loading essential drivers ... [    5.610552] md: linear personality registered for level -1
[    5.617406] md: multipath personality registered for level -4
[    5.624173] md: raid0 personality registered for level 0
[    5.634660] md: raid1 personality registered for level 1
[    5.714528] raid6: sse2x1   gen() 14425 MB/s
[    5.794609] raid6: sse2x1   xor() 10065 MB/s
[    5.874002] raid6: sse2x2   gen() 15062 MB/s
[    5.954445] raid6: sse2x2   xor() 11125 MB/s
[    6.033756] raid6: sse2x4   gen() 19989 MB/s
[    6.113251] raid6: sse2x4   xor() 13399 MB/s
[    6.193700] raid6: avx2x1   gen() 25732 MB/s
[    6.272901] raid6: avx2x2   gen() 32687 MB/s
[    6.353250] raid6: avx2x4   gen() 36639 MB/s
[    6.356083] raid6: using algorithm avx2x4 gen() 36639 MB/s
[    6.359502] raid6: using avx2x2 recovery algorithm
[    6.364031] xor: automatically using best checksumming function:
[    6.462757]    avx       : 64946.000 MB/sec
[    6.467166] async_tx: api initialized (async)
[    6.491851] md: raid6 personality registered for level 6
[    6.494939] md: raid5 personality registered for level 5
[    6.498006] md: raid4 personality registered for level 4
[    6.511871] md: raid10 personality registered for level 10
done.
Begin: Running /scripts/init-premount ... done.
Begin: Mounting root file system ... Begin: Running /scripts/local-top ... done.
Begin: Running /scripts/local-premount ... [    6.582508] Btrfs loaded
Scanning for Btrfs filesystems
done.
Warning: fsck not present, so skipping root file system
[    6.618223] EXT4-fs (sda1): mounted filesystem with ordered data mode. Opts: (null)
done.
Begin: Running /scripts/local-bottom ... done.
Begin: Running /scripts/init-bottom ... done.
[    6.728210] systemd[1]: systemd 229 running in system mode. (+PAM +AUDIT +SELINUX +IMA +APPARMOR +SMACK +SYSVINIT +UTMP +LIBCRYPTSETUP +GCRYPT +GNUTLS +ACL +XZ -LZ4 +SECCOMP +BLKID +ELFUTILS +KMOD -IDN)
[    6.738330] systemd[1]: Detected virtualization oracle.
[    6.741271] systemd[1]: Detected architecture x86-64.

Welcome to [1mUbuntu 16.04.7 LTS[0m!

[    6.750834] systemd[1]: Set hostname to <ubuntu>.
[    6.756645] systemd[1]: Initializing machine ID from random generator.
[    6.760237] systemd[1]: Installed transient /etc/machine-id file.
[    6.920999] systemd[1]: Listening on Journal Audit Socket.
[[0;32m  OK  [0m] Listening on Journal Audit Socket.
[    6.928017] systemd[1]: Listening on fsck to fsckd communication Socket.
[[0;32m  OK  [0m] Listening on fsck to fsckd communication Socket.
[    6.936541] systemd[1]: Reached target Encrypted Volumes.
[[0;32m  OK  [0m] Reached target Encrypted Volumes.
[    6.943454] systemd[1]: Created slice User and Session Slice.
[[0;32m  OK  [0m] Created slice User and Session Slice.
[    6.950765] systemd[1]: Reached target User and Group Name Lookups.
[[0;32m  OK  [0m] Reached target User and Group Name Lookups.
[    6.957958] systemd[1]: Started Trigger resolvconf update for networkd DNS.
[[0;32m  OK  [0m] Started Trigger resolvconf update for networkd DNS.
[    6.966527] systemd[1]: Listening on /dev/initctl Compatibility Named Pipe.
[[0;32m  OK  [0m] Listening on /dev/initctl Compatibility Named Pipe.
[    6.974218] systemd[1]: Listening on Journal Socket.
[[0;32m  OK  [0m] Listening on Journal Socket.
[    6.980941] systemd[1]: Listening on udev Control Socket.
[[0;32m  OK  [0m] Listening on udev Control Socket.
[    6.987706] systemd[1]: Listening on Journal Socket (/dev/log).
[[0;32m  OK  [0m] Listening on Journal Socket (/dev/log).
[    6.994735] systemd[1]: Listening on udev Kernel Socket.
[[0;32m  OK  [0m] Listening on udev Kernel Socket.
[    7.001242] systemd[1]: Listening on Device-mapper event daemon FIFOs.
[[0;32m  OK  [0m] Listening on Device-mapper event daemon FIFOs.
[    7.008822] systemd[1]: Created slice System Slice.
[[0;32m  OK  [0m] Created slice System Slice.
[    7.015536] systemd[1]: Mounting Huge Pages File System...
         Mounting Huge Pages File System...
[    7.022687] systemd[1]: Starting Set console keymap...
[    7.025753] random: nonblocking pool is initialized
         Starting Set console keymap...
[    7.035453] systemd[1]: Starting File System Check on Root Device...
         Starting File System Check on Root Device...
[    7.041902] systemd[1]: Reached target Slices.
[[0;32m  OK  [0m] Reached target Slices.
[    7.070826] systemd[1]: Starting Uncomplicated firewall...
         Starting Uncomplicated firewall...
[    7.086754] systemd[1]: Mounting POSIX Message Queue File System...
         Mounting POSIX Message Queue File System...
[    7.101670] systemd[1]: Created slice system-serial\x2dgetty.slice.
[[0;32m  OK  [0m] Created slice system-serial\x2dgetty.slice.
[    7.125374] systemd[1]: Starting Load Kernel Modules...
         Starting Load Kernel Modules...
[    7.140818] systemd[1]: Starting Nameserver information manager...
         Starting Nameserver information manager...
[    7.154183] systemd[1]: Mounting Debug File System...
         Mounting Debug File System...
[    7.162529] systemd[1]: Starting Create list of required static device nodes for the current kernel...
[    7.173875] Loading iSCSI transport class v2.0-870.
         Starting Create list of required st... nodes for the current kernel...
[    7.187963] iscsi: registered transport (tcp)
[    7.191446] systemd[1]: Listening on Syslog Socket.
[[0;32m  OK  [0m] Listening on Syslog Socket.
[    7.199733] systemd[1]: Starting Journal Service...
         Starting Journal Service...
[    7.213331] systemd[1]: Listening on LVM2 metadata daemon socket.
[[0;32m  OK  [0m] Listening on LVM2 metadata daemon socket.
[    7.225224] systemd[1]: Starting Monitoring of LVM2 mirrors, snapshots etc. using dmeventd or progress polling...
         Starting Monitoring of LVM2 mirrors... dmeventd or progress polling...
[    7.246813] systemd[1]: Reached target Swap.
[[0;32m  OK  [0m] Reached target Swap.
[    7.258531] systemd[1]: Listening on LVM2 poll daemon socket.
[[0;32m  OK  [0m] Listening on LVM2 poll daemon socket.
[    7.271338] systemd[1]: Set up automount Arbitrary Executable File Formats File System Automount Point.
[[0;32m  OK  [0m] Set up automount Arbitrary Executab...ats File System Automount Point.
[    7.288833] systemd[1]: Reached target System Time Synchronized.
[    7.295248] iscsi: registered transport (iser)
[[0;32m  OK  [0m] Reached target System Time Synchronized.
[    7.301402] systemd[1]: Started Forward Password Requests to Wall Directory Watch.
[[0;32m  OK  [0m] Started Forward Password Requests to Wall Directory Watch.
[    7.311333] systemd[1]: Mounted Huge Pages File System.
[[0;32m  OK  [0m] Mounted Huge Pages File System.
[    7.319013] systemd[1]: Mounted POSIX Message Queue File System.
[[0;32m  OK  [0m] Mounted POSIX Message Queue File System.
[    7.325914] systemd[1]: Mounted Debug File System.
[[0;32m  OK  [0m] Mounted Debug File System.
[    7.332828] systemd[1]: Started Journal Service.
[[0;32m  OK  [0m] Started Journal Service.
[[0;32m  OK  [0m] Started Set console keymap.
[[0;32m  OK  [0m] Started File System Check on Root Device.
[[0;32m  OK  [0m] Started Uncomplicated firewall.
[[0;32m  OK  [0m] Started Load Kernel Modules.
[[0;32m  OK  [0m] Started Create list of required sta...ce nodes for the current kernel.
[[0;32m  OK  [0m] Started Nameserver information manager.
[[0;32m  OK  [0m] Started File System Check Daemon to report status.
[[0;32m  OK  [0m] Started LVM2 metadata daemon.
         Starting Create Static Device Nodes in /dev...
         Starting Apply Kernel Variables...
         Mounting FUSE Control File System...
         Starting Remount Root and Kernel File Systems...
[    7.439133] EXT4-fs (sda1): re-mounted. Opts: (null)
[[0;32m  OK  [0m] Mounted FUSE Control File System.
[[0;32m  OK  [0m] Started Create Static Device Nodes in /dev.
[[0;32m  OK  [0m] Started Apply Kernel Variables.
[[0;32m  OK  [0m] Started Remount Root and Kernel File Systems.
         Starting udev Coldplug all Devices...
         Starting Flush Journal to Persistent Storage...
         Starting Load/Save Random Seed...
         Starting udev Kernel Device Manager...
[[0;32m  OK  [0m] Started Load/Save Random Seed.
[[0;32m  OK  [0m] Started Flush Journal to Persistent Storage.
[[0;32m  OK  [0m] Started udev Kernel Device Manager.
[[0;32m  OK  [0m] Started Monitoring of LVM2 mirrors,...ng dmeventd or progress polling.
[[0;32m  OK  [0m] Reached target Local File Systems (Pre).
[[0;32m  OK  [0m] Reached target Local File Systems.
         Starting Set console font and keymap...
         Starting Initial cloud-init job (pre-networking)...
         Starting Tell Plymouth To Write Out Runtime Data...
         Starting Commit a transient machine-id on disk...
         Starting LSB: AppArmor initialization...
         Starting Create Volatile Files and Directories...
[[0;32m  OK  [0m] Started udev Coldplug all Devices.
[[0;32m  OK  [0m] Started Tell Plymouth To Write Out Runtime Data.
[[0;32m  OK  [0m] Started Commit a transient machine-id on disk.
[[0;32m  OK  [0m] Started Create Volatile Files and Directories.
         Starting Update UTMP about System Boot/Shutdown...
[[0;32m  OK  [0m] Started Dispatch Password Requests to Console Directory Watch.
[[0;32m  OK  [0m] Started Update UTMP about System Boot/Shutdown.
[[0;32m  OK  [0m] Found device /dev/ttyS0.
[[0;32m  OK  [0m] Listening on Load/Save RF Kill Switch Status /dev/rfkill Watch.
[    8.703271] cloud-init[494]: Cloud-init v. 21.1-19-gbad84ad4-0ubuntu1~16.04.2 running 'init-local' at Mon, 06 Mar 2023 12:19:45 +0000. Up 8.01 seconds.
[[0;32m  OK  [0m] Started Initial cloud-init job (pre-networking).
[[0;32m  OK  [0m] Reached target Network (Pre).
[[0;32m  OK  [0m] Started Set console font and keymap.
[[0;32m  OK  [0m] Created slice system-getty.slice.
[[0;32m  OK  [0m] Started LSB: AppArmor initialization.
         Starting Raise network interfaces...
         Starting Load AppArmor profiles managed internally by snapd...
[[0;32m  OK  [0m] Started Load AppArmor profiles managed internally by snapd.
[[0;32m  OK  [0m] Started Raise network interfaces.
[[0;32m  OK  [0m] Reached target Network.
         Starting Initial cloud-init job (metadata service crawler)...
[   11.300614] cloud-init[985]: Cloud-init v. 21.1-19-gbad84ad4-0ubuntu1~16.04.2 running 'init' at Mon, 06 Mar 2023 12:19:48 +0000. Up 10.74 seconds.
[   11.318016] cloud-init[985]: ci-info: ++++++++++++++++++++++++++++++++++++++Net device info+++++++++++++++++++++++++++++++++++++++
[   11.327072] cloud-init[985]: ci-info: +--------+-------+----------------------------+---------------+--------+-------------------+
[   11.347665] cloud-init[985]: ci-info: | Device |   Up  |          Address           |      Mask     | Scope  |     Hw-Address    |
[   11.354789] cloud-init[985]: ci-info: +--------+-------+----------------------------+---------------+--------+-------------------+
[   11.367000] cloud-init[985]: ci-info: | enp0s3 |  True |         10.0.2.15          | 255.255.255.0 | global | 02:be:82:6b:cc:1d |
[[0;32m  OK  [0m] Started Initial cloud-init job (metadata service crawler).
[   11.382160] cloud-init[985]: ci-info: | enp0s3 |  True | fe80::be:82ff:fe6b:cc1d/64 |       .       |  link  | 02:be:82:6b:cc:1d |[[0;32m  OK  [0m] Reached target Network is Online.
         Starting iSCSI initiator daemon (iscsid)...
[[0;32m  OK  [0m
[   11.397835] cloud-init[985]: ci-info: | enp0s8 | False |             .              |       .       |   .    | 08:00:27:b7:4f:b2 |
[   11.403019] cloud-init[985]: ci-info: |   lo   |  True |         127.0.0.1          |   255.0.0.0   |  host  |         .         |] Reached target System Initialization.
         Starting Socket activation for snappy daemon.
[[0;32m  OK  [0m] Started Message of the Day.

[   11.417206] cloud-init[985]: [[0;32m  OK  [0m] Listening on ACPID Listen Socket.
[[0;32m  OK  [0mci-info: |   lo   |  True |          ::1/128           |       .       |  host  |         .         |
[   11.431323] cloud-init] Started Ubuntu Advantage update messaging.
[985]: ci-info: +--------+-------+----------------------------+---------------+--------+-------------------+         Starting LXD - unix socket.
[[0;32m  OK  [0m] Started Daily Cleanup of Temporary Directories.
[[0;32m  OK  [0m] Listening on D-Bus System Message Bus Socket.

[   11.447558] cloud-init[985]: ci-info: +++++++++++++++++++++++++++Route IPv4 info++++++++++++++++++++++++++++
[   11.453554] cloud-init[985]: ci-info: +-------+-------------+----------+---------------+-----------+-------+[[0;32m  OK  [0m] Started ACPI Events Check.
[[0;32m  OK  [0m] Reached target Paths.
[[0;32m  OK  [0m] Started Daily apt download activities.
[
[   11.466914] cloud-init[985]: ci-info: | Route | Destination | Gateway  |    Genmask    | Interface | Flags |
[   11.470488] cloud-init[985]: ci-info: +-------+-------------+----------+---------------+-----------+-------+
[   11.474181] cloud-init[985]: ci-info: |   0   |   0.0.0.0   | 10.0.2.2 |    0.0.0.0    |   enp0s3  |   UG  |[0;32m  OK  [0m] Started Daily apt upgrade and clean activities.
[[0;32m  OK  [0m] Reached target Timers.
[[0;32m  OK  [0m] Listening on UUID daemon activation socket.

[   11.487496] cloud-init[985]: ci-info: |   1   |   10.0.2.0  | 0.0.0.0  | 255.255.255.0 |   enp0s3  |   U   |
[   11.491793] cloud-init[985]: ci-info: +-------+-------------+----------+---------------+-----------+-------+
[   11.496021] [[0;32m  OK  [0m] Reached target Cloud-config availability.
[[0;32m  OK  [0m] Listening on Socket activation for snappy daemon.
[[0;32m  OK  [0m] Listening on LXD - unix socket.cloud-init[985]: ci-info: +++++++++++++++++++Route IPv6 info+++++++++++++++++++
[   11.511094] cloud-init[985]: ci-info: +-------+-------------+---------+-----------+-------+
[   11.514583] cloud-init[985]: ci-info: | Route | Destination | Gateway | Interface | Flags |
[[0;32m  OK  [0m] Reached target Sockets.
[[0;32m  OK  [0m] Reached target Basic System.
[[0;32m  OK  [0m] Started Deferred execution scheduler.

[   11.527667] cloud-init[985]: ci-info: +-------+-------------+---------+-----------+-------+         Starting Accounts Service...
         Starting LXD - container startup/shutdown...

         Starting /etc/rc.local Compatibility...
[   11.543603] cloud-init         Starting System Logging Service...
[985]: ci-info: |   0   |  fe80::/64  |    ::   |   enp0s3  |   U   |
         Starting Virtualbox guest utils...
[[0;32m  OK  [0m] Started FUSE filesystem for LXC.[   11.568358] cloud-init[985]: 
[[0;32m  OK  [0m] Started D-Bus System Message Bus.
ci-info: |   3   |   ff00::/8  |    ::   |   enp0s3  |   U   |
[   11.623829] cloud-init[985]: ci-info: +-------+-------------+---------+-----------+-------+
[   11.633624] cloud-init[985]: Generating public/private rsa key pair.[[0;32m  OK  [0m] Started ACPI event daemon.
         Starting LSB: MD monitoring daemon...
[   11.648954] cloud-init
[985]: Your identification has been saved in /etc/ssh/ssh_host_rsa_key.[[0;32m  OK  [0m] Started Regular background program processing daemon.
         Starting Login Service...
         Starting Snap Daemon...
         Starting Pollinate to seed the pseudo random number generator...
         Starting LSB: Record successful boot for GRUB...
[[0;32m  OK  [0m] Started System Logging Service.
[[0;32m  OK  [0m] Started iSCSI initiator daemon (iscsid).
[[0;32m  OK  [0m] Started /etc/rc.local Compatibility.

         Starting Login to default iSCSI targets...
[   11.746587] cloud-init[985]: Your public key has been saved in /etc/ssh/ssh_host_rsa_key.pub.
[[0;32m  OK  [0m] Started Login Service.
[[0;32m  OK  [0m] Started Login to default iSCSI targets.
[[0;32m  OK  [0m] Reached target Remote File Systems (Pre).
[[0;32m  OK  [0m] Reached target Remote File Systems.
         Starting LSB: daemon to balance interrupts for SMP systems...
         Starting Permit User Sessions...
         Starting LSB: Set the CPU Frequency Scaling governor to "ondemand"...
         Starting LSB: automatic crash report generation...
[[0;32m  OK  [0m] Started Unattended Upgrades Shutdown.[   11.860940] 
[[0;32m  OK  [0m] Started Permit User Sessions.
cloud-init         Starting Authenticate and Authorize Users to Run Privileged Tasks...
         Starting Hold until boot process finishes up...
         Starting Terminate Plymouth Boot Screen...
[[0;32m  OK  [0m] Started Hold until boot process finishes up.
[[0;32m  OK  [0m] Started Terminate Plymouth Boot Screen.
         Starting Set console scheme...
[[0;32m  OK  [0m] Started Serial Getty on ttyS0.
[[0;32m  OK  [0m] Started Getty on tty1.
[985]: The key fingerprint is:
[[0;32m  OK  [0m] Reached target Login Prompts.
[[0;32m  OK  [0m] Started Set console scheme.
[[0;32m  OK  [0m] Started LSB: Record successful boot for GRUB.
[[0;32m  OK  [0m] Started LSB: Set the CPU Frequency Scaling governor to "ondemand".
[[0;32m  OK  [0m] Started LSB: MD monitoring daemon.
[[0;32m  OK  [0m] Started LXD - container startup/shutdown.
[[0;32m  OK  [0m] Started Authenticate and Authorize Users to Run Privileged Tasks.
[   12.015001] cloud-init[985]: SHA256:nfCOae3t/vfdJoeiDs6JlSkU70AR/ZgJGdSYdPjQvtc root@ubuntu-xenial
[[0;32m  OK  [0m] Started Accounts Service.
[   12.074042] cloud-init[[0;32m  OK  [0m] Started LSB: daemon to balance interrupts for SMP systems.
[985]: The key's randomart image is:
[   12.119477] cloud-init[985]: [[0;32m  OK  [0m] Started LSB: automatic crash report generation.
+---[RSA 2048]----+
[   12.146086] cloud-init[985]: |     o*@.        |
[   12.174559] cloud-init[985]: |      Bo+        |
[   12.200187] cloud-init[985]: |      o=.=       |
[[0;32m  OK  [0m] Started Virtualbox guest utils.
[   12.218833] cloud-init[985]: |     . o*+..     |
[   12.246833] cloud-init[985]: |      o S.+.     |
[   12.273598] cloud-init[985]: |     . o.B. E    |
[   12.289981] cloud-init[985]: |      . X.o    . |
[   12.308007] cloud-init[985]: |       B + .. o *|
[   12.315839] cloud-init[985]: |      . +.+++o.==|
[   12.329389] cloud-init[985]: +----[SHA256]-----+
[   12.339337] cloud-init[985]: Generating public/private dsa key pair.
[   12.362399] cloud-init[985]: Your identification has been saved in /etc/ssh/ssh_host_dsa_key.
[   12.372628] cloud-init[985]: Your public key has been saved in /etc/ssh/ssh_host_dsa_key.pub.
[   12.388684] cloud-init[985]: The key fingerprint is:
[   12.411871] cloud-init[985]: SHA256:fsSxPsI8rRYYDZyDtLhsfi+1ASbnScuE671kuECspgk root@ubuntu-xenial
[   12.423195] cloud-init[985]: The key's randomart image is:
[   12.431351] cloud-init[985]: +---[DSA 1024]----+
[   12.444470] cloud-init[985]: |   ..o .         |
[[0;32m  OK  [0m] Started Snap Daemon.
         Starting Wait until snapd is fully seeded...
[   12.460282] cloud-init[985]: |   ...=          |
[   12.492545] cloud-init[985]: |  ...  +  .      |
[   12.514754] cloud-init[985]: |..o.* . .. o     |
[   12.525786] cloud-init[985]: | o+X + oS +      |
[   12.529717] cloud-init[985]: |oo..= ++.+       |
[   12.548203] cloud-init[985]: |Eoo.+. o*.=      |
[   12.555430] cloud-init[985]: |+o.=o.. .= .     |
[   12.562487] cloud-init[985]: |o . .o...        |
[   12.566831] cloud-init[985]: +----[SHA256]-----+
[   12.571417] cloud-init[985]: Generating public/private ecdsa key pair.
[   12.581965] cloud-init[985]: Your identification has been saved in /etc/ssh/ssh_host_ecdsa_key.
[   12.592710] cloud-init[985]: Your public key has been saved in /etc/ssh/ssh_host_ecdsa_key.pub.
[   12.605197] cloud-init[985]: The key fingerprint is:
[   12.611081] cloud-init[985]: SHA256:2N2uJ+3Gpx5ZD/O3bs3+InxQsbU5NJD/x42Qi90aK/I root@ubuntu-xenial
[   12.623631] cloud-init[985]: The key's randomart image is:
[   12.628845] cloud-init[985]: +---[ECDSA 256]---+
[   12.633619] cloud-init[985]: |             .o  |
[   12.639767] cloud-init[985]: |             ..o.|
[   12.648211] cloud-init[985]: |             .o++|
[   12.651905] cloud-init[985]: |       o . .o o= |
[   12.659504] cloud-init[985]: |      . S .o.=+o+|
[   12.664910] cloud-init[985]: |          ..=oo==|
[   12.674337] cloud-init[985]: |           ++= .*|
[   12.679808] cloud-init[985]: |        . o.X.+.=|
[   12.690219] cloud-init[985]: |         oEB+=o=+|
[   12.697088] cloud-init[985]: +----[SHA256]-----+
[   12.704688] cloud-init[985]: Generating public/private ed25519 key pair.
[   12.711906] cloud-init[985]: Your identification has been saved in /etc/ssh/ssh_host_ed25519_key.
[   12.719802] cloud-init[985]: Your public key has been saved in /etc/ssh/ssh_host_ed25519_key.pub.
[   12.727496] cloud-init[985]: The key fingerprint is:
[   12.732783] cloud-init[985]: SHA256:98mOsn46MbuAHMl5OAVxxDd8RIfed5OEseckQz1Ze8M root@ubuntu-xenial
[   12.741426] cloud-init[985]: The key's randomart image is:
[   12.749152] cloud-init[985]: +--[ED25519 256]--+
[   12.758078] cloud-init[985]: |    o+o. oo..o+ +|
[   12.762121] cloud-init[985]: |     o. + o...o=.|
[   12.779850] cloud-init[985]: |      .. + . +.E+|
[   12.793575] cloud-init[985]: |   . =    . . Bo+|
[   12.799730] cloud-init[985]: |    B . S .  . o.|
[[0;32m  OK  [0m] Started Pollinate to seed the pseudo random number generator.[   12.825783] cloud-init[985]: |   . =  o. o .   |

[   12.831458] cloud-init[985]:          Starting OpenBSD Secure Shell server...
|    o .  +  +    |
[   12.861218] cloud-init[985]: |       .+ .o     |
[[0;32m  OK  [0m] Started OpenBSD Secure Shell server.
[   12.872769] cloud-init[985]: |       .=B. .    |
[   12.877093] cloud-init[985]: +----[SHA256]-----+
[[0;32m  OK  [0m] Created slice User Slice of vagrant.
[[0;32m  OK  [0m] Started Session 1 of user vagrant.
         Starting User Manager for UID 1000...
[[0;32m  OK  [0m] Started User Manager for UID 1000.
[[0;32m  OK  [0m] Started Wait until snapd is fully seeded.
         Starting Apply the settings specified in cloud-config...
[[0;32m  OK  [0m] Reached target Multi-User System.
[[0;32m  OK  [0m] Reached target Graphical Interface.
         Starting Update UTMP about System Runlevel Changes...
[[0;32m  OK  [0m] Started Update UTMP about System Runlevel Changes.
[   15.014769] cloud-init[1442]: Generating locales (this might take a while)...
         Stopping User Manager for UID 1000...
[[0;32m  OK  [0m] Stopped User Manager for UID 1000.
[[0;32m  OK  [0m] Removed slice User Slice of vagrant.
[[0;32m  OK  [0m] Created slice User Slice of vagrant.
         Starting User Manager for UID 1000...
[[0;32m  OK  [0m] Started Session 2 of user vagrant.
[[0;32m  OK  [0m] Started User Manager for UID 1000.
[   16.572816] cloud-init[1442]:   en_US.UTF-8... done
[   16.587673] cloud-init[1442]: Generation complete.
[   16.927494] cloud-init[1442]: Cloud-init v. 21.1-19-gbad84ad4-0ubuntu1~16.04.2 running 'modules:config' at Mon, 06 Mar 2023 12:19:52 +0000. Up 14.77 seconds.
ci-info: no authorized SSH keys fingerprints found for user ubuntu.
<14>Mar  6 12:19:54 ec2: 
<14>Mar  6 12:19:54 ec2: #############################################################
<14>Mar  6 12:19:54 ec2: -----BEGIN SSH HOST KEY FINGERPRINTS-----
<14>Mar  6 12:19:54 ec2: 1024 SHA256:fsSxPsI8rRYYDZyDtLhsfi+1ASbnScuE671kuECspgk root@ubuntu-xenial (DSA)
<14>Mar  6 12:19:54 ec2: 256 SHA256:2N2uJ+3Gpx5ZD/O3bs3+InxQsbU5NJD/x42Qi90aK/I root@ubuntu-xenial (ECDSA)
<14>Mar  6 12:19:54 ec2: 256 SHA256:98mOsn46MbuAHMl5OAVxxDd8RIfed5OEseckQz1Ze8M root@ubuntu-xenial (ED25519)
<14>Mar  6 12:19:54 ec2: 2048 SHA256:nfCOae3t/vfdJoeiDs6JlSkU70AR/ZgJGdSYdPjQvtc root@ubuntu-xenial (RSA)
<14>Mar  6 12:19:54 ec2: -----END SSH HOST KEY FINGERPRINTS-----
<14>Mar  6 12:19:54 ec2: #############################################################
-----BEGIN SSH HOST KEY KEYS-----
ecdsa-sha2-nistp256 AAAAE2VjZHNhLXNoYTItbmlzdHAyNTYAAAAIbmlzdHAyNTYAAABBBM7BFUZpVJyU2mPV6ysBT8bVZlizI2NOHNUow2ew8U/Ir+eU56J2YKvjv7PHWS88a+raJJOvEinZ24xOhopcerk= root@ubuntu-xenial
ssh-ed25519 AAAAC3NzaC1lZDI1NTE5AAAAILIKUJPiHfzBanhl1PeWIeIRSRTh4cngEeJrmd0qVsoa root@ubuntu-xenial
ssh-rsa AAAAB3NzaC1yc2EAAAADAQABAAABAQC3aK1P8ajtsEynVf4qRfGFpJM8Mm1WxPzn++uVwSNdCef4pBYXlt+w4zYgrXvZv28mpxujWOag54TyDRIllcG9znCfUrvqUYG5nYuXniFtJJRfkTDDYEQS9MdgjrTdiw9EtCrBrVCeLK926JvhEVrVoShl27FPnkCrW2r1nfYX8J2wn5Lnz6tlTL8USyT9OMn8O3WFrYYBT4fljNFggtpVv/MrLVXMfUak2RDd+ajN68p8UFDuQeRgxlSBvUEPhP0M34WXUwZFSCUeBqlecw1PWVXpNyO40MFr/THffv1O2SGwPnmL4jGiQymuvjkv1A6AKx9LvCp5noyyCZuI46cH root@ubuntu-xenial
-----END SSH HOST KEY KEYS-----
[   17.544490] cloud-init[1680]: Cloud-init v. 21.1-19-gbad84ad4-0ubuntu1~16.04.2 running 'modules:final' at Mon, 06 Mar 2023 12:19:54 +0000. Up 17.31 seconds.
[   17.559345] cloud-init[1680]: ci-info: no authorized SSH keys fingerprints found for user ubuntu.
[   17.579912] cloud-init[1680]: Cloud-init v. 21.1-19-gbad84ad4-0ubuntu1~16.04.2 finished at Mon, 06 Mar 2023 12:19:55 +0000. Datasource DataSourceNoCloud [seed=/dev/sdb][dsmode=net].  Up 17.53 seconds

Ubuntu 16.04.7 LTS lb ttyS0

lb login:                                                                                                                                                