[    0.000000] Initializing cgroup subsys cpuset
[    0.000000] Initializing cgroup subsys cpu
[    0.000000] Initializing cgroup subsys cpuacct
[    0.000000] Linux version 4.4.0-210-generic (buildd@lgw01-amd64-009) (gcc version 5.4.0 20160609 (Ubuntu 5.4.0-6ubuntu1~16.04.12) ) #242-Ubuntu SMP Fri Apr 16 09:57:56 UTC 2021 (Ubuntu 4.4.0-210.242-generic 4.4.262)
[    0.000000] Command line: BOOT_IMAGE=/boot/vmlinuz-4.4.0-210-generic root=LABEL=cloudimg-rootfs ro console=tty1 console=ttyS0
[    0.000000] KERNEL supported cpus:
[    0.000000]   Intel GenuineIntel
[    0.000000]   AMD AuthenticAMD
[    0.000000]   Centaur CentaurHauls
[    0.000000] x86/fpu: xstate_offset[2]:  576, xstate_sizes[2]:  256
[    0.000000] x86/fpu: Supporting XSAVE feature 0x01: 'x87 floating point registers'
[    0.000000] x86/fpu: Supporting XSAVE feature 0x02: 'SSE registers'
[    0.000000] x86/fpu: Supporting XSAVE feature 0x04: 'AVX registers'
[    0.000000] x86/fpu: Enabled xstate features 0x7, context size is 832 bytes, using 'standard' format.
[    0.000000] e820: BIOS-provided physical RAM map:
[    0.000000] BIOS-e820: [mem 0x0000000000000000-0x000000000009fbff] usable
[    0.000000] BIOS-e820: [mem 0x000000000009fc00-0x000000000009ffff] reserved
[    0.000000] BIOS-e820: [mem 0x00000000000f0000-0x00000000000fffff] reserved
[    0.000000] BIOS-e820: [mem 0x0000000000100000-0x000000003ffeffff] usable
[    0.000000] BIOS-e820: [mem 0x000000003fff0000-0x000000003fffffff] ACPI data
[    0.000000] BIOS-e820: [mem 0x00000000fec00000-0x00000000fec00fff] reserved
[    0.000000] BIOS-e820: [mem 0x00000000fee00000-0x00000000fee00fff] reserved
[    0.000000] BIOS-e820: [mem 0x00000000fffc0000-0x00000000ffffffff] reserved
[    0.000000] NX (Execute Disable) protection: active
[    0.000000] SMBIOS 2.5 present.
[    0.000000] Hypervisor detected: KVM
[    0.000000] e820: last_pfn = 0x3fff0 max_arch_pfn = 0x400000000
[    0.000000] MTRR: Disabled
[    0.000000] x86/PAT: MTRRs disabled, skipping PAT initialization too.
[    0.000000] CPU MTRRs all blank - virtualized system.
[    0.000000] x86/PAT: Configuration [0-7]: WB  WT  UC- UC  WB  WT  UC- UC  
[    0.000000] found SMP MP-table at [mem 0x0009fff0-0x0009ffff] mapped at [ffff88000009fff0]
[    0.000000] Scanning 1 areas for low memory corruption
[    0.000000] RAMDISK: [mem 0x362dc000-0x37165fff]
[    0.000000] ACPI: Early table checksum verification disabled
[    0.000000] ACPI: RSDP 0x00000000000E0000 000024 (v02 VBOX  )
[    0.000000] ACPI: XSDT 0x000000003FFF0030 00003C (v01 VBOX   VBOXXSDT 00000001 ASL  00000061)
[    0.000000] ACPI: FACP 0x000000003FFF00F0 0000F4 (v04 VBOX   VBOXFACP 00000001 ASL  00000061)
[    0.000000] ACPI: DSDT 0x000000003FFF0610 002353 (v02 VBOX   VBOXBIOS 00000002 INTL 20200528)
[    0.000000] ACPI: FACS 0x000000003FFF0200 000040
[    0.000000] ACPI: FACS 0x000000003FFF0200 000040
[    0.000000] ACPI: APIC 0x000000003FFF0240 000054 (v02 VBOX   VBOXAPIC 00000001 ASL  00000061)
[    0.000000] ACPI: SSDT 0x000000003FFF02A0 00036C (v01 VBOX   VBOXCPUT 00000002 INTL 20200528)
[    0.000000] No NUMA configuration found
[    0.000000] Faking a node at [mem 0x0000000000000000-0x000000003ffeffff]
[    0.000000] NODE_DATA(0) allocated [mem 0x3ffeb000-0x3ffeffff]
[    0.000000] kvm-clock: Using msrs 4b564d01 and 4b564d00
[    0.000000] kvm-clock: cpu 0, msr 0:3ffe3001, primary cpu clock
[    0.000000] kvm-clock: using sched offset of 3257992401 cycles
[    0.000000] clocksource: kvm-clock: mask: 0xffffffffffffffff max_cycles: 0x1cd42e4dffb, max_idle_ns: 881590591483 ns
[    0.000000] Zone ranges:
[    0.000000]   DMA      [mem 0x0000000000001000-0x0000000000ffffff]
[    0.000000]   DMA32    [mem 0x0000000001000000-0x000000003ffeffff]
[    0.000000]   Normal   empty
[    0.000000]   Device   empty
[    0.000000] Movable zone start for each node
[    0.000000] Early memory node ranges
[    0.000000]   node   0: [mem 0x0000000000001000-0x000000000009efff]
[    0.000000]   node   0: [mem 0x0000000000100000-0x000000003ffeffff]
[    0.000000] Initmem setup node 0 [mem 0x0000000000001000-0x000000003ffeffff]
[    0.000000] ACPI: PM-Timer IO Port: 0x4008
[    0.000000] IOAPIC[0]: apic_id 1, version 32, address 0xfec00000, GSI 0-23
[    0.000000] ACPI: INT_SRC_OVR (bus 0 bus_irq 0 global_irq 2 dfl dfl)
[    0.000000] ACPI: INT_SRC_OVR (bus 0 bus_irq 9 global_irq 9 low level)
[    0.000000] Using ACPI (MADT) for SMP configuration information
[    0.000000] smpboot: Allowing 1 CPUs, 0 hotplug CPUs
[    0.000000] PM: Registered nosave memory: [mem 0x00000000-0x00000fff]
[    0.000000] PM: Registered nosave memory: [mem 0x0009f000-0x0009ffff]
[    0.000000] PM: Registered nosave memory: [mem 0x000a0000-0x000effff]
[    0.000000] PM: Registered nosave memory: [mem 0x000f0000-0x000fffff]
[    0.000000] e820: [mem 0x40000000-0xfebfffff] available for PCI devices
[    0.000000] Booting paravirtualized kernel on KVM
[    0.000000] clocksource: refined-jiffies: mask: 0xffffffff max_cycles: 0xffffffff, max_idle_ns: 7645519600211568 ns
[    0.000000] setup_percpu: NR_CPUS:512 nr_cpumask_bits:512 nr_cpu_ids:1 nr_node_ids:1
[    0.000000] PERCPU: Embedded 33 pages/cpu @ffff88003fc00000 s95192 r8192 d31784 u2097152
[    0.000000] Built 1 zonelists in Node order, mobility grouping on.  Total pages: 257912
[    0.000000] Policy zone: DMA32
[    0.000000] Kernel command line: BOOT_IMAGE=/boot/vmlinuz-4.4.0-210-generic root=LABEL=cloudimg-rootfs ro console=tty1 console=ttyS0
[    0.000000] PID hash table entries: 4096 (order: 3, 32768 bytes)
[    0.000000] Memory: 997924K/1048120K available (8644K kernel code, 1332K rwdata, 4044K rodata, 1492K init, 1164K bss, 50196K reserved, 0K cma-reserved)
[    0.000000] SLUB: HWalign=64, Order=0-3, MinObjects=0, CPUs=1, Nodes=1
[    0.000000] Kernel/User page tables isolation: enabled
[    0.000000] Hierarchical RCU implementation.
[    0.000000] 	Build-time adjustment of leaf fanout to 64.
[    0.000000] 	RCU restricting CPUs from NR_CPUS=512 to nr_cpu_ids=1.
[    0.000000] RCU: Adjusting geometry for rcu_fanout_leaf=64, nr_cpu_ids=1
[    0.000000] NR_IRQS:33024 nr_irqs:256 16
[    0.000000] Console: colour VGA+ 80x25
[    0.000000] console [tty1] enabled
[    0.000000] console [ttyS0] enabled
[    0.000000] tsc: Detected 2590.328 MHz processor
[    0.386540] Calibrating delay loop (skipped) preset value.. 5180.65 BogoMIPS (lpj=10361312)
[    0.391539] pid_max: default: 32768 minimum: 301
[    0.394239] ACPI: Core revision 20150930
[    0.398145] ACPI: 2 ACPI AML tables successfully acquired and loaded
[    0.402385] Security Framework initialized
[    0.404818] Yama: becoming mindful.
[    0.407068] AppArmor: AppArmor initialized
[    0.409593] Dentry cache hash table entries: 131072 (order: 8, 1048576 bytes)
[    0.414755] Inode-cache hash table entries: 65536 (order: 7, 524288 bytes)
[    0.419303] Mount-cache hash table entries: 2048 (order: 2, 16384 bytes)
[    0.423026] Mountpoint-cache hash table entries: 2048 (order: 2, 16384 bytes)
[    0.427304] Initializing cgroup subsys io
[    0.430375] Initializing cgroup subsys memory
[    0.433855] Initializing cgroup subsys devices
[    0.436463] Initializing cgroup subsys freezer
[    0.439399] Initializing cgroup subsys net_cls
[    0.442008] Initializing cgroup subsys perf_event
[    0.445288] Initializing cgroup subsys net_prio
[    0.448329] Initializing cgroup subsys hugetlb
[    0.450981] Initializing cgroup subsys pids
[    0.467894] mce: CPU supports 0 MCE banks
[    0.470681] process: using mwait in idle threads
[    0.473540] Last level iTLB entries: 4KB 64, 2MB 8, 4MB 8
[    0.476887] Last level dTLB entries: 4KB 64, 2MB 0, 4MB 0, 1GB 4
[    0.480473] Spectre V1 : Mitigation: usercopy/swapgs barriers and __user pointer sanitization
[    0.485529] Spectre V2 : Mitigation: Full generic retpoline
[    0.489277] Spectre V2 : Spectre v2 / SpectreRSB mitigation: Filling RSB on context switch
[    0.494679] Speculative Store Bypass: Vulnerable
[    0.497643] SRBDS: Unknown: Dependent on hypervisor status
[    0.501547] MDS: Mitigation: Clear CPU buffers
[    0.678150] Freeing SMP alternatives memory: 36K
[    0.745238] ftrace: allocating 32380 entries in 127 pages
[    1.188350] smpboot: APIC(0) Converting physical 0 to logical package 0
[    1.192199] smpboot: Max logical packages: 1
[    1.196202] x2apic enabled
[    1.199426] Switched APIC routing to physical x2apic.
[    1.208935] ..TIMER: vector=0x30 apic1=0 pin1=2 apic2=-1 pin2=-1
[    1.320634] APIC calibration not consistent with PM-Timer: 196ms instead of 100ms
[    1.324825] APIC delta adjusted to PM-Timer: 6249998 (12250698)
[    1.329013] smpboot: CPU0: Intel(R) Core(TM) i7-9750H CPU @ 2.60GHz (family: 0x6, model: 0x9e, stepping: 0xa)
[    1.335085] Performance Events: unsupported p6 CPU model 158 no PMU driver, software events only.
[    1.406567] KVM setup paravirtual spinlock
[    1.409847] x86: Booted up 1 node, 1 CPUs
[    1.412710] smpboot: Total of 1 processors activated (5180.65 BogoMIPS)
[    1.417454] devtmpfs: initialized
[    1.421044] evm: security.selinux
[    1.423008] evm: security.SMACK64
[    1.424981] evm: security.SMACK64EXEC
[    1.427127] evm: security.SMACK64TRANSMUTE
[    1.429545] evm: security.SMACK64MMAP
[    1.431768] evm: security.ima
[    1.434130] evm: security.capability
[    1.436365] clocksource: jiffies: mask: 0xffffffff max_cycles: 0xffffffff, max_idle_ns: 7645041785100000 ns
[    1.441723] futex hash table entries: 256 (order: 2, 16384 bytes)
[    1.445207] pinctrl core: initialized pinctrl subsystem
[    1.448488] RTC time: 17:28:27, date: 03/03/23
[    1.451362] NET: Registered protocol family 16
[    1.454058] cpuidle: using governor ladder
[    1.456429] cpuidle: using governor menu
[    1.458736] PCCT header not found.
[    1.460855] ACPI: bus type PCI registered
[    1.463168] acpiphp: ACPI Hot Plug PCI Controller Driver version: 0.5
[    1.467013] PCI: Using configuration type 1 for base access
[    1.471583] ACPI: Added _OSI(Module Device)
[    1.473982] ACPI: Added _OSI(Processor Device)
[    1.476495] ACPI: Added _OSI(3.0 _SCP Extensions)
[    1.479225] ACPI: Added _OSI(Processor Aggregator Device)
[    1.483018] ACPI: Executed 1 blocks of module-level executable AML code
[    1.489356] ACPI: Interpreter enabled
[    1.491495] ACPI: (supports S0 S5)
[    1.493514] ACPI: Using IOAPIC for interrupt routing
[    1.496551] PCI: Using host bridge windows from ACPI; if necessary, use "pci=nocrs" and report a bug
[    1.508830] ACPI: PCI Root Bridge [PCI0] (domain 0000 [bus 00-ff])
[    1.512229] acpi PNP0A03:00: _OSC: OS supports [ASPM ClockPM Segments MSI]
[    1.516522] acpi PNP0A03:00: _OSC: not requesting OS control; OS requires [ExtendedConfig ASPM ClockPM MSI]
[    1.521870] acpi PNP0A03:00: fail to add MMCONFIG information, can't access extended PCI configuration space under this bridge.
[    1.528586] PCI host bridge to bus 0000:00
[    1.530958] pci_bus 0000:00: root bus resource [io  0x0000-0x0cf7 window]
[    1.534748] pci_bus 0000:00: root bus resource [io  0x0d00-0xffff window]
[    1.538466] pci_bus 0000:00: root bus resource [mem 0x000a0000-0x000bffff window]
[    1.542618] pci_bus 0000:00: root bus resource [mem 0x40000000-0xfdffffff window]
[    1.546780] pci_bus 0000:00: root bus resource [bus 00-ff]
[    1.555293] pci 0000:00:01.1: legacy IDE quirk: reg 0x10: [io  0x01f0-0x01f7]
[    1.569467] pci 0000:00:01.1: legacy IDE quirk: reg 0x14: [io  0x03f6]
[    1.573022] pci 0000:00:01.1: legacy IDE quirk: reg 0x18: [io  0x0170-0x0177]
[    1.576883] pci 0000:00:01.1: legacy IDE quirk: reg 0x1c: [io  0x0376]
[    1.612042] pci 0000:00:07.0: quirk: [io  0x4000-0x403f] claimed by PIIX4 ACPI
[    1.617034] pci 0000:00:07.0: quirk: [io  0x4100-0x410f] claimed by PIIX4 SMB
[    1.631715] ACPI: PCI Interrupt Link [LNKA] (IRQs 5 9 10 *11)
[    1.636866] ACPI: PCI Interrupt Link [LNKB] (IRQs 5 9 *10 11)
[    1.641805] ACPI: PCI Interrupt Link [LNKC] (IRQs 5 *9 10 11)
[    1.646686] ACPI: PCI Interrupt Link [LNKD] (IRQs 5 9 10 *11)
[    1.651725] ACPI: Enabled 2 GPEs in block 00 to 07
[    1.655172] vgaarb: setting as boot device: PCI:0000:00:02.0
[    1.658498] vgaarb: device added: PCI:0000:00:02.0,decodes=io+mem,owns=io+mem,locks=none
[    1.663276] vgaarb: loaded
[    1.665036] vgaarb: bridge control possible 0000:00:02.0
[    1.668459] SCSI subsystem initialized
[    1.670831] ACPI: bus type USB registered
[    1.673304] usbcore: registered new interface driver usbfs
[    1.676537] usbcore: registered new interface driver hub
[    1.679730] usbcore: registered new device driver usb
[    1.682929] PCI: Using ACPI for IRQ routing
[    1.686136] NetLabel: Initializing
[    1.688287] NetLabel:  domain hash size = 128
[    1.690963] NetLabel:  protocols = UNLABELED CIPSOv4
[    1.693944] NetLabel:  unlabeled traffic allowed by default
[    1.697287] amd_nb: Cannot enumerate AMD northbridges
[    1.700432] clocksource: Switched to clocksource kvm-clock
[    1.714512] AppArmor: AppArmor Filesystem Enabled
[    1.717434] pnp: PnP ACPI init
[    1.720936] pnp: PnP ACPI: found 3 devices
[    1.730470] clocksource: acpi_pm: mask: 0xffffff max_cycles: 0xffffff, max_idle_ns: 2085701024 ns
[    1.735738] NET: Registered protocol family 2
[    1.738674] TCP established hash table entries: 8192 (order: 4, 65536 bytes)
[    1.742895] TCP bind hash table entries: 8192 (order: 5, 131072 bytes)
[    1.746885] TCP: Hash tables configured (established 8192 bind 8192)
[    1.750852] UDP hash table entries: 512 (order: 2, 16384 bytes)
[    1.754332] UDP-Lite hash table entries: 512 (order: 2, 16384 bytes)
[    1.758128] NET: Registered protocol family 1
[    1.760837] pci 0000:00:00.0: Limiting direct PCI/PCI transfers
[    1.764334] pci 0000:00:01.0: Activating ISA DMA hang workarounds
[    1.768302] Unpacking initramfs...
[    1.983672] Freeing initrd memory: 14888K
[    1.986223] clocksource: tsc: mask: 0xffffffffffffffff max_cycles: 0x25568b82f44, max_idle_ns: 440795283416 ns
[    1.991785] platform rtc_cmos: registered platform RTC device (no PNP device found)
[    1.996079] Scanning for low memory corruption every 60 seconds
[    1.999808] audit: initializing netlink subsys (disabled)
[    2.003150] audit: type=2000 audit(1677864511.574:1): initialized
[    2.006750] Initialise system trusted keyring
[    2.009433] HugeTLB registered 2 MB page size, pre-allocated 0 pages
[    2.014122] zbud: loaded
[    2.016035] VFS: Disk quotas dquot_6.6.0
[    2.018417] VFS: Dquot-cache hash table entries: 512 (order 0, 4096 bytes)
[    2.022389] squashfs: version 4.0 (2009/01/31) Phillip Lougher
[    2.025998] fuse init (API version 7.23)
[    2.028491] Key type big_key registered
[    2.030737] Allocating IMA MOK and blacklist keyrings.
[    2.034273] Key type asymmetric registered
[    2.036639] Asymmetric key parser 'x509' registered
[    2.039509] Block layer SCSI generic (bsg) driver version 0.4 loaded (major 249)
[    2.043658] io scheduler noop registered
[    2.045933] io scheduler deadline registered (default)
[    2.049018] io scheduler cfq registered
[    2.051346] pci_hotplug: PCI Hot Plug PCI Core version: 0.5
[    2.054467] pciehp: PCI Express Hot Plug Controller Driver version: 0.4
[    2.058574] ACPI: AC Adapter [AC] (on-line)
[    2.061020] input: Power Button as /devices/LNXSYSTM:00/LNXPWRBN:00/input/input0
[    2.065170] ACPI: Power Button [PWRF]
[    2.067416] input: Sleep Button as /devices/LNXSYSTM:00/LNXSLPBN:00/input/input1
[    2.072197] ACPI: Sleep Button [SLPF]
[    2.076052] ACPI: Battery Slot [BAT0] (battery present)
[    2.079034] GHES: HEST is not enabled!
[    2.082625] Serial: 8250/16550 driver, 32 ports, IRQ sharing enabled
[    2.115547] 00:02: ttyS0 at I/O 0x3f8 (irq = 4, base_baud = 115200) is a 16550A
[    2.120937] Linux agpgart interface v0.103
[    2.125339] loop: module loaded
[    2.128386] scsi host0: ata_piix
[    2.130454] scsi host1: ata_piix
[    2.132511] ata1: PATA max UDMA/33 cmd 0x1f0 ctl 0x3f6 bmdma 0xd000 irq 14
[    2.136453] ata2: PATA max UDMA/33 cmd 0x170 ctl 0x376 bmdma 0xd008 irq 15
[    2.142039] libphy: Fixed MDIO Bus: probed
[    2.144508] tun: Universal TUN/TAP device driver, 1.6
[    2.147494] tun: (C) 1999-2004 Max Krasnyansky <maxk@qualcomm.com>
[    2.151185] PPP generic driver version 2.4.2
[    2.153802] ehci_hcd: USB 2.0 'Enhanced' Host Controller (EHCI) Driver
[    2.157582] ehci-pci: EHCI PCI platform driver
[    2.160347] ehci-platform: EHCI generic platform driver
[    2.163422] ohci_hcd: USB 1.1 'Open' Host Controller (OHCI) Driver
[    2.167061] ohci-pci: OHCI PCI platform driver
[    2.169800] ohci-platform: OHCI generic platform driver
[    2.172868] uhci_hcd: USB Universal Host Controller Interface driver
[    2.176529] i8042: PNP: PS/2 Controller [PNP0303:PS2K,PNP0f03:PS2M] at 0x60,0x64 irq 1,12
[    2.183741] serio: i8042 KBD port at 0x60,0x64 irq 1
[    2.186795] serio: i8042 AUX port at 0x60,0x64 irq 12
[    2.189909] mousedev: PS/2 mouse device common for all mice
[    2.194267] input: AT Translated Set 2 keyboard as /devices/platform/i8042/serio0/input/input2
[    2.200483] rtc_cmos rtc_cmos: rtc core: registered rtc_cmos as rtc0
[    2.205110] rtc_cmos rtc_cmos: alarms up to one day, 114 bytes nvram
[    2.208851] i2c /dev entries driver
[    2.211056] device-mapper: uevent: version 1.0.3
[    2.213857] device-mapper: ioctl: 4.34.0-ioctl (2015-10-28) initialised: dm-devel@redhat.com
[    2.218860] ledtrig-cpu: registered to indicate activity on CPUs
[    2.222728] NET: Registered protocol family 10
[    2.225509] NET: Registered protocol family 17
[    2.228189] Key type dns_resolver registered
[    2.230993] registered taskstats version 1
[    2.234153] Loading compiled-in X.509 certificates
[    2.237284] Loaded X.509 cert 'Build time autogenerated kernel key: cf00e047681d67edb2720680708b7d9498083038'
[    2.242888] zswap: loaded using pool lzo/zbud
[    2.246921] Key type trusted registered
[    2.252016] Key type encrypted registered
[    2.254371] AppArmor: AppArmor sha1 policy hashing enabled
[    2.257464] ima: No TPM chip found, activating TPM-bypass!
[    2.260656] ima: Allocated hash algorithm: sha1
[    2.263265] evm: HMAC attrs: 0x1
[    2.265841]   Magic number: 15:933:490
[    2.268450] rtc_cmos rtc_cmos: setting system clock to 2023-03-03 17:28:28 UTC (1677864508)
[    2.273199] BIOS EDD facility v0.16 2004-Jun-25, 0 devices found
[    2.276552] EDD information not available.
[    2.354978] Freeing unused kernel memory: 1492K
[    2.358706] Write protecting the kernel read-only data: 14336k
[    2.363367] Freeing unused kernel memory: 1584K
[    2.367252] Freeing unused kernel memory: 52K
Loading, please wait...
starting version 229
[    2.384117] random: udevadm: uninitialized urandom read (16 bytes read, 3 bits of entropy available)
[    2.390127] random: systemd-udevd: uninitialized urandom read (16 bytes read, 3 bits of entropy available)
[    2.395549] random: systemd-udevd: uninitialized urandom read (16 bytes read, 3 bits of entropy available)
[    2.401532] random: udevadm: uninitialized urandom read (16 bytes read, 3 bits of entropy available)
[    2.408750] random: systemd-udevd: uninitialized urandom read (16 bytes read, 3 bits of entropy available)
[    2.414410] random: systemd-udevd: uninitialized urandom read (16 bytes read, 3 bits of entropy available)
[    2.425688] random: udevadm: uninitialized urandom read (16 bytes read, 3 bits of entropy available)
[    2.432041] random: systemd-udevd: uninitialized urandom read (16 bytes read, 3 bits of entropy available)
[    2.437799] random: systemd-udevd: uninitialized urandom read (16 bytes read, 3 bits of entropy available)
[    2.443426] random: udevadm: uninitialized urandom read (16 bytes read, 3 bits of entropy available)
[    2.534536] Fusion MPT base driver 3.04.20
[    2.537439] Copyright (c) 1999-2008 LSI Corporation
[    2.553945] e1000: Intel(R) PRO/1000 Network Driver - version 7.3.21-k8-NAPI
[    2.557866] e1000: Copyright (c) 1999-2006 Intel Corporation.
[    2.594960] AVX2 version of gcm_enc/dec engaged.
[    2.597998] AES CTR mode by8 optimization enabled
[    2.603460] Fusion MPT SPI Host driver 3.04.20
[    2.781013] input: ImExPS/2 Generic Explorer Mouse as /devices/platform/i8042/serio1/input/input4
[    3.077363] e1000 0000:00:03.0 eth0: (PCI:33MHz:32-bit) 02:be:82:6b:cc:1d
[    3.085174] e1000 0000:00:03.0 eth0: Intel(R) PRO/1000 Network Connection
[    3.094093] mptbase: ioc0: Initiating bringup
[    3.170137] ioc0: LSI53C1030 A0: Capabilities={Initiator}
[    3.334426] scsi host2: ioc0: LSI53C1030 A0, FwRev=00000000h, Ports=1, MaxQ=256, IRQ=20
[    3.451827] scsi 2:0:0:0: Direct-Access     VBOX     HARDDISK         1.0  PQ: 0 ANSI: 5
[    3.457907] scsi target2:0:0: Beginning Domain Validation
[    3.464904] scsi target2:0:0: Domain Validation skipping write tests
[    3.469520] scsi target2:0:0: Ending Domain Validation
[    3.473392] scsi target2:0:0: asynchronous
[    3.477162] scsi 2:0:1:0: Direct-Access     VBOX     HARDDISK         1.0  PQ: 0 ANSI: 5
[    3.483327] scsi target2:0:1: Beginning Domain Validation
[    3.501683] scsi target2:0:1: Domain Validation skipping write tests
[    3.508548] scsi target2:0:1: Ending Domain Validation
[    3.522913] scsi target2:0:1: asynchronous
[    3.703921] sd 2:0:0:0: [sda] 83886080 512-byte logical blocks: (42.9 GB/40.0 GiB)
[    3.708438] sd 2:0:0:0: Attached scsi generic sg0 type 0
[    3.712989] sd 2:0:1:0: [sdb] 20480 512-byte logical blocks: (10.5 MB/10.0 MiB)
[    3.717789] sd 2:0:0:0: [sda] Write Protect is off
[    3.720638] sd 2:0:1:0: Attached scsi generic sg1 type 0
[    3.724641] sd 2:0:1:0: [sdb] Write Protect is off
[    3.727630] sd 2:0:0:0: [sda] Incomplete mode parameter data
[    3.730929] sd 2:0:0:0: [sda] Assuming drive cache: write through
[    3.741229] sd 2:0:1:0: [sdb] Incomplete mode parameter data
[    3.744383] sd 2:0:1:0: [sdb] Assuming drive cache: write through
[    3.750370]  sda: sda1
[    3.753121] sd 2:0:0:0: [sda] Attached SCSI disk
[    3.779815] sd 2:0:1:0: [sdb] Attached SCSI disk
[    4.012942] e1000 0000:00:08.0 eth1: (PCI:33MHz:32-bit) 08:00:27:fd:c9:d7
[    4.018050] e1000 0000:00:08.0 eth1: Intel(R) PRO/1000 Network Connection
[    4.023991] e1000 0000:00:08.0 enp0s8: renamed from eth1
[    4.029925] e1000 0000:00:03.0 enp0s3: renamed from eth0
Begin: Loading essential drivers ... [    5.531526] md: linear personality registered for level -1
[    5.537669] md: multipath personality registered for level -4
[    5.543306] md: raid0 personality registered for level 0
[    5.552413] md: raid1 personality registered for level 1
[    5.630801] raid6: sse2x1   gen() 14680 MB/s
[    5.710677] raid6: sse2x1   xor()  9142 MB/s
[    5.780653] raid6: sse2x2   gen() 13961 MB/s
[    5.859971] raid6: sse2x2   xor() 10717 MB/s
[    5.940388] raid6: sse2x4   gen() 19386 MB/s
[    6.013038] raid6: sse2x4   xor() 12626 MB/s
[    6.090756] raid6: avx2x1   gen() 26081 MB/s
[    6.170252] raid6: avx2x2   gen() 33333 MB/s
[    6.251186] raid6: avx2x4   gen() 37226 MB/s
[    6.254724] raid6: using algorithm avx2x4 gen() 37226 MB/s
[    6.257824] raid6: using avx2x2 recovery algorithm
[    6.262130] xor: automatically using best checksumming function:
[    6.360925]    avx       : 68060.000 MB/sec
[    6.364738] async_tx: api initialized (async)
[    6.407755] md: raid6 personality registered for level 6
[    6.412672] md: raid5 personality registered for level 5
[    6.418299] md: raid4 personality registered for level 4
[    6.440682] md: raid10 personality registered for level 10
done.
Begin: Running /scripts/init-premount ... done.
Begin: Mounting root file system ... Begin: Running /scripts/local-top ... done.
Begin: Running /scripts/local-premount ... [    6.537055] Btrfs loaded
Scanning for Btrfs filesystems
done.
Warning: fsck not present, so skipping root file system
[    6.581071] EXT4-fs (sda1): mounted filesystem with ordered data mode. Opts: (null)
done.
Begin: Running /scripts/local-bottom ... done.
Begin: Running /scripts/init-bottom ... done.
[    6.700542] systemd[1]: systemd 229 running in system mode. (+PAM +AUDIT +SELINUX +IMA +APPARMOR +SMACK +SYSVINIT +UTMP +LIBCRYPTSETUP +GCRYPT +GNUTLS +ACL +XZ -LZ4 +SECCOMP +BLKID +ELFUTILS +KMOD -IDN)
[    6.710318] systemd[1]: Detected virtualization oracle.
[    6.713262] systemd[1]: Detected architecture x86-64.

Welcome to [1mUbuntu 16.04.7 LTS[0m!

[    6.722206] systemd[1]: Set hostname to <ubuntu>.
[    6.728454] systemd[1]: Initializing machine ID from random generator.
[    6.732161] systemd[1]: Installed transient /etc/machine-id file.
[    6.895563] systemd[1]: Listening on udev Control Socket.
[[0;32m  OK  [0m] Listening on udev Control Socket.
[    6.902084] systemd[1]: Reached target System Time Synchronized.
[[0;32m  OK  [0m] Reached target System Time Synchronized.
[    6.908906] systemd[1]: Listening on fsck to fsckd communication Socket.
[[0;32m  OK  [0m] Listening on fsck to fsckd communication Socket.
[    6.916529] systemd[1]: Created slice System Slice.
[[0;32m  OK  [0m] Created slice System Slice.
[    6.922673] systemd[1]: Listening on Journal Socket.
[[0;32m  OK  [0m] Listening on Journal Socket.
[    6.929185] systemd[1]: Starting Uncomplicated firewall...
         Starting Uncomplicated firewall...
[    6.939531] systemd[1]: Starting Load Kernel Modules...
[    6.943458] random: nonblocking pool is initialized
         Starting Load Kernel Modules...
[    6.959195] Loading iSCSI transport class v2.0-870.
[    6.962138] systemd[1]: Listening on LVM2 metadata daemon socket.
[[0;32m  OK  [0m] Listening on LVM2 metadata daemon socket.
[    6.972133] systemd[1]: Starting File System Check on Root Device...
[    6.980149] iscsi: registered transport (tcp)
         Starting File System Check on Root Device...
[    6.987215] systemd[1]: Reached target User and Group Name Lookups.
[[0;32m  OK  [0m] Reached target User and Group Name Lookups.
[    7.002765] systemd[1]: Starting Nameserver information manager...
         Starting Nameserver information manager...
[    7.022067] systemd[1]: Mounting POSIX Message Queue File System...
         Mounting POSIX Message Queue File System...
[    7.037501] systemd[1]: Mounting Debug File System...
         Mounting Debug File System...
[    7.051259] systemd[1]: Listening on Journal Audit Socket.
[[0;32m  OK  [0m[    7.059131] iscsi: registered transport (iser)
] Listening on Journal Audit Socket.
[    7.064331] systemd[1]: Starting Create list of required static device nodes for the current kernel...
         Starting Create list of required st... nodes for the current kernel...
[    7.074361] systemd[1]: Listening on LVM2 poll daemon socket.
[[0;32m  OK  [0m] Listening on LVM2 poll daemon socket.
[    7.083141] systemd[1]: Listening on Journal Socket (/dev/log).
[[0;32m  OK  [0m] Listening on Journal Socket (/dev/log).
[    7.090246] systemd[1]: Set up automount Arbitrary Executable File Formats File System Automount Point.
[[0;32m  OK  [0m] Set up automount Arbitrary Executab...ats File System Automount Point.
[    7.102307] systemd[1]: Listening on /dev/initctl Compatibility Named Pipe.
[[0;32m  OK  [0m] Listening on /dev/initctl Compatibility Named Pipe.
[    7.110585] systemd[1]: Created slice system-serial\x2dgetty.slice.
[[0;32m  OK  [0m] Created slice system-serial\x2dgetty.slice.
[    7.119039] systemd[1]: Listening on Device-mapper event daemon FIFOs.
[[0;32m  OK  [0m] Listening on Device-mapper event daemon FIFOs.
[    7.126842] systemd[1]: Starting Monitoring of LVM2 mirrors, snapshots etc. using dmeventd or progress polling...
         Starting Monitoring of LVM2 mirrors... dmeventd or progress polling...
[    7.140823] systemd[1]: Starting Set console keymap...
         Starting Set console keymap...
[    7.155122] systemd[1]: Reached target Swap.
[[0;32m  OK  [0m] Reached target Swap.
[    7.171678] systemd[1]: Listening on Syslog Socket.
[[0;32m  OK  [0m] Listening on Syslog Socket.
[    7.181236] systemd[1]: Started Trigger resolvconf update for networkd DNS.
[[0;32m  OK  [0m] Started Trigger resolvconf update for networkd DNS.
[    7.201748] systemd[1]: Created slice User and Session Slice.
[[0;32m  OK  [0m] Created slice User and Session Slice.
[    7.208729] systemd[1]: Reached target Slices.
[[0;32m  OK  [0m] Reached target Slices.
[    7.225459] systemd[1]: Mounting Huge Pages File System...
         Mounting Huge Pages File System...
[    7.235500] systemd[1]: Reached target Encrypted Volumes.
[[0;32m  OK  [0m] Reached target Encrypted Volumes.
[    7.245506] systemd[1]: Starting Journal Service...
         Starting Journal Service...
[    7.252011] systemd[1]: Listening on udev Kernel Socket.
[[0;32m  OK  [0m] Listening on udev Kernel Socket.
[    7.261069] systemd[1]: Started Forward Password Requests to Wall Directory Watch.
[[0;32m  OK  [0m] Started Forward Password Requests to Wall Directory Watch.
[    7.280774] systemd[1]: Mounted Huge Pages File System.
[[0;32m  OK  [0m] Mounted Huge Pages File System.
[    7.288611] systemd[1]: Mounted POSIX Message Queue File System.
[[0;32m  OK  [0m] Mounted POSIX Message Queue File System.
[    7.295587] systemd[1]: Mounted Debug File System.
[[0;32m  OK  [0m] Mounted Debug File System.
[    7.302471] systemd[1]: Started Journal Service.
[[0;32m  OK  [0m] Started Journal Service.
[[0;32m  OK  [0m] Started Uncomplicated firewall.
[[0;32m  OK  [0m] Started Load Kernel Modules.
[[0;32m  OK  [0m] Started File System Check on Root Device.
[[0;32m  OK  [0m] Started Create list of required sta...ce nodes for the current kernel.
[[0;32m  OK  [0m] Started Set console keymap.
[[0;32m  OK  [0m] Started Nameserver information manager.
[[0;32m  OK  [0m] Started File System Check Daemon to report status.
[[0;32m  OK  [0m] Started LVM2 metadata daemon.
         Starting Create Static Device Nodes in /dev...
         Starting Remount Root and Kernel File Systems...
         Starting Apply Kernel Variables...
[    7.408826] EXT4-fs (sda1): re-mounted. Opts: (null)
         Mounting FUSE Control File System...
[[0;32m  OK  [0m] Mounted FUSE Control File System.
[[0;32m  OK  [0m] Started Create Static Device Nodes in /dev.
[[0;32m  OK  [0m] Started Monitoring of LVM2 mirrors,...ng dmeventd or progress polling.
[[0;32m  OK  [0m] Started Remount Root and Kernel File Systems.
[[0;32m  OK  [0m] Started Apply Kernel Variables.
         Starting Flush Journal to Persistent Storage...
         Starting udev Coldplug all Devices...
         Starting Load/Save Random Seed...
         Starting udev Kernel Device Manager...
[[0;32m  OK  [0m] Reached target Local File Systems (Pre).
[[0;32m  OK  [0m] Reached target Local File Systems.
         Starting Set console font and keymap...
         Starting Tell Plymouth To Write Out Runtime Data...
         Starting Commit a transient machine-id on disk...
         Starting LSB: AppArmor initialization...
         Starting Initial cloud-init job (pre-networking)...
[[0;32m  OK  [0m] Started Load/Save Random Seed.
[[0;32m  OK  [0m] Started Tell Plymouth To Write Out Runtime Data.
[[0;32m  OK  [0m] Started Commit a transient machine-id on disk.
[[0;32m  OK  [0m] Started udev Kernel Device Manager.
[[0;32m  OK  [0m] Started Flush Journal to Persistent Storage.
         Starting Create Volatile Files and Directories...
[[0;32m  OK  [0m] Started Create Volatile Files and Directories.
         Starting Update UTMP about System Boot/Shutdown...
[[0;32m  OK  [0m] Started Update UTMP about System Boot/Shutdown.
[[0;32m  OK  [0m] Started udev Coldplug all Devices.
[[0;32m  OK  [0m] Started Dispatch Password Requests to Console Directory Watch.
[[0;32m  OK  [0m] Found device /dev/ttyS0.
[[0;32m  OK  [0m] Listening on Load/Save RF Kill Switch Status /dev/rfkill Watch.
[    8.963035] cloud-init[495]: Cloud-init v. 21.1-19-gbad84ad4-0ubuntu1~16.04.2 running 'init-local' at Fri, 03 Mar 2023 17:28:35 +0000. Up 8.19 seconds.
[[0;32m  OK  [0m] Started Initial cloud-init job (pre-networking).
[[0;32m  OK  [0m] Reached target Network (Pre).
[[0;32m  OK  [0m] Started Set console font and keymap.
[[0;32m  OK  [0m] Created slice system-getty.slice.
[[0;32m  OK  [0m] Started LSB: AppArmor initialization.
         Starting Raise network interfaces...
         Starting Load AppArmor profiles managed internally by snapd...
[[0;32m  OK  [0m] Started Load AppArmor profiles managed internally by snapd.
[[0;32m  OK  [0m] Started Raise network interfaces.
         Starting Initial cloud-init job (metadata service crawler)...
[[0;32m  OK  [0m] Reached target Network.
[   12.887822] cloud-init[979]: Cloud-init v. 21.1-19-gbad84ad4-0ubuntu1~16.04.2 running 'init' at Fri, 03 Mar 2023 17:28:39 +0000. Up 11.97 seconds.
[   12.906162] cloud-init[979]: ci-info: ++++++++++++++++++++++++++++++++++++++Net device info+++++++++++++++++++++++++++++++++++++++
[   12.912327] cloud-init[979]: ci-info: +--------+-------+----------------------------+---------------+--------+-------------------+
[   12.926605] cloud-init[979]: ci-info: | Device |   Up  |          Address           |      Mask     | Scope  |     Hw-Address    |
[   12.945979] cloud-init[979]: ci-info: +--------+-------+----------------------------+---------------+--------+-------------------+
[   12.965965] cloud-init[979]: ci-info: | enp0s3 |  True |         10.0.2.15          | 255.255.255.0 | global | 02:be:82:6b:cc:1d |
[   12.974654] cloud-init[979]: ci-info: | enp0s3 |  True | fe80::be:82ff:fe6b:cc1d/64 |       .       |  link  | 02:be:82:6b:cc:1d |
[   12.990420] cloud-init[979]: ci-info: | enp0s8 | False |             .              |       .       |   .    | 08:00:27:fd:c9:d7 |[[0;32m  OK  [0m] Started Initial cloud-init job (metadata service crawler).
[[0;32m  OK  [0m] Reached target Network is Online.

[   13.006419] cloud-init[979]: ci-info: |   lo   |  True |         127.0.0.1          |   255.0.0.0   |  host  |         .         |
         Starting iSCSI initiator daemon (iscsid)...
[[0;32m  OK  [0m] Reached target System Initialization.[   13.019011] 
[[0;32m  OK  [0m] Started Daily Cleanup of Temporary Directories.
[[0;32m  OK  [0m] Listening on ACPID Listen Socket.cloud-init[979]: ci-info: |   lo   |  True |          ::1/128           |       .       |  host  |         .         |
[   13.041917] cloud-init[979]: ci-info: +--------+-------+----------------------------+---------------+--------+-------------------+
[   13.043223] cloud-init[979]: ci-info: +++++++++++++++++++++++++++Route IPv4 info++++++++++++++++++++++++++++

         Starting Socket activation for snappy daemon.
[[0;32m  OK  [0m] Started ACPI Events Check.
[[0;32m  OK  [0m] Reached target Paths.
[[0;32m  OK  [0m] Listening on UUID daemon activation socket.
[   13.043294] cloud-init[979]: [[0;32m  OK  [0m] Started Ubuntu Advantage update messaging.
[[0;32m  OK  [0m] Started Message of the Day.
[[0;32m  OK  [0mci-info: +-------+-------------+----------+---------------+-----------+-------+
[   13.090559] cloud-init[979]: ci-info: | Route | Destination | Gateway  |    Genmask    | Interface | Flags |
[   13.095369] ] Started Daily apt download activities.
[[0;32m  OK  [0m] Started Daily apt upgrade and clean activities.
[[0;32m  OK  [0m] Reached target Timers.cloud-init[979]: ci-info: +-------+-------------+----------+---------------+-----------+-------+
[   13.109537] cloud-init[979]: ci-info: |   0   |   0.0.0.0   | 10.0.2.2 |    0.0.0.0    |   enp0s3  |   UG  |
[   13.114035] cloud-init[979]: 
ci-info: |   1   |   10.0.2.0  | 0.0.0.0  | 255.255.255.0 |   enp0s3  |   U   |         Starting LXD - unix socket.
[[0;32m  OK  [0m] Listening on D-Bus System Message Bus Socket.
[[0;32m  OK  [0m
[   13.126524] cloud-init[979]: ci-info: +-------+-------------+----------+---------------+-----------+-------+
[   13.131113] cloud-init[979]: ci-info: +++++++++++++++++++Route IPv6 info+++++++++++++++++++
[   13.135239] ] Reached target Cloud-config availability.
[[0;32m  OK  [0m] Listening on Socket activation for snappy daemon.
cloud-init[979]: ci-info: +-------+-------------+---------+-----------+-------+
[[0;32m  OK  [0m] [   13.156829] Listening on LXD - unix socket.
[[0;32m  OK  [0m] Reached target Sockets.
cloud-init[979]: ci-info: | Route | Destination | Gateway | Interface | Flags |[[0;32m  OK  [0m] Reached target Basic System.
         Starting Login Service...

[   13.187654] cloud-init[979]: ci-info: +-------+-------------+---------+-----------+-------+
[[0;32m  OK  [0m] Started ACPI event daemon.
[   13.202515] [[0;32m  OK  [0m] Started D-Bus System Message Bus.cloud-init
[979]: ci-info: |   0   |  fe80::/64  |    ::   |   enp0s3  |   U   |
[   13.240052] cloud-init[979]: ci-info: |   3   |   ff00::/8  |    ::   |   enp0s3  |   U   |
[   13.251667] cloud-init[979]: ci-info: +-------+-------------+---------+-----------+-------+
[   13.261565] cloud-init[979]: Generating public/private rsa key pair.
[   13.269571] cloud-init[979]: Your identification has been saved in /etc/ssh/ssh_host_rsa_key.
         Starting Accounts Service...
         Starting System Logging Service...
[   13.285433] cloud-init[979]:          Starting LXD - container startup/shutdown...
         Starting LSB: MD monitoring daemon...Your public key has been saved in /etc/ssh/ssh_host_rsa_key.pub.

         Starting Pollinate to seed the pseudo random number generator...
         Starting Snap Daemon...
         Starting LSB: Record successful boot for GRUB...
[[0;32m  OK  [0m] Started Regular background program processing daemon.
         Starting /etc/rc.local Compatibility...
         Starting Virtualbox guest utils...
[[0;32m  OK  [0m] Started Deferred execution scheduler.
[[0;32m  OK  [0m] Started FUSE filesystem for LXC.
[   13.376930] cloud-init[979]: The key fingerprint is:
[   13.414837] cloud-init[[0;32m  OK  [0m] Started iSCSI initiator daemon (iscsid).
[[0;32m  OK  [0m] Started /etc/rc.local Compatibility.
[[0;32m  OK  [0m] Started System Logging Service.
         Starting Login to default iSCSI targets...
[[0;32m  OK  [0m] Started Login Service.
[[0;32m  OK  [0m] Started Unattended Upgrades Shutdown.
[979]: SHA256:2KmkX6Y6jfcoqnRYY6dVvlhPUy/5daGKPGrcqiJna2w root@ubuntu-xenial
[[0;32m  OK  [0m] Started Login to default iSCSI targets.
[[0;32m  OK  [0m] Reached target Remote File Systems (Pre).
[[0;32m  OK  [0m] Reached target Remote File Systems.
         Starting LSB: automatic crash report generation...
         Starting LSB: Set the CPU Frequency Scaling governor to "ondemand"...
[   13.623762] cloud-init[979]:          Starting LSB: daemon to balance interrupts for SMP systems...
         Starting Permit User Sessions...
[[0;32m  OK  [0m] Started Permit User Sessions.
         Starting Terminate Plymouth Boot Screen...
         Starting Hold until boot process finishes up...
[[0;32m  OK  [0m] Started LSB: MD monitoring daemon.
[[0;32m  OK  [0m] Started LSB: Record successful boot for GRUB.
The key's randomart image is:[[0;32m  OK  [0m] Started Terminate Plymouth Boot Screen.
[[0;32m  OK  [0m] Started Hold until boot process finishes up.
         Starting Authenticate and Authorize Users to Run Privileged Tasks...
[[0;32m  OK  [0m] Started Serial Getty on ttyS0.
[[0;32m  OK  [0m] Started Getty on tty1.
[[0;32m  OK  [0m] Reached target Login Prompts.
         Starting Set console scheme...

[   13.815583] cloud-init[979]: +---[RSA 2048]----+
[[0;32m  OK  [0m] Started Set console scheme.
[[0;32m  OK  [0m] Started LSB: Set the CPU Frequency Scaling governor to "ondemand".
[[0;32m  OK  [0m] Started Authenticate and Authorize Users to Run Privileged Tasks.
[[0;32m  OK  [0m] Started Accounts Service.
[   13.875556] cloud-init[979]: |                 |[[0;32m  OK  [0m] Started LSB: daemon to balance interrupts for SMP systems.

[   13.959035] cloud-init[979]: |                 |
[[0;32m  OK  [0m] Started LXD - container startup/shutdown.
[[0;32m  OK  [0m] Started LSB: automatic crash report generation.
[   14.001688] cloud-init[979]: |       .   .   . |
[   14.028984] cloud-init[979]: |      oo .. o . .|
[   14.056096] cloud-init[979]: |   + oooSo o o ..|
[   14.081820] cloud-init[979]: |  + =oo.= o + . .|
[   14.116844] cloud-init[979]: | o.o.+o.+= . .   |
[[0;32m  OK  [0m] Started Virtualbox guest utils.
[   14.137212] cloud-init[979]: |...E+.oB...      |
[   14.159166] cloud-init[979]: |..Bo+**+o        |
[   14.185573] cloud-init[979]: +----[SHA256]-----+
[   14.206891] cloud-init[979]: Generating public/private dsa key pair.
[   14.218890] cloud-init[979]: Your identification has been saved in /etc/ssh/ssh_host_dsa_key.
[   14.240233] cloud-init[979]: Your public key has been saved in /etc/ssh/ssh_host_dsa_key.pub.
[   14.253176] cloud-init[979]: The key fingerprint is:
[   14.258532] cloud-init[979]: SHA256:DFQGtros00JmN022PdxQBnYSTj3e7Y0KY+eSF+rh2HQ root@ubuntu-xenial
[   14.283868] cloud-init[979]: The key's randomart image is:
[   14.291538] cloud-init[979]: +---[DSA 1024]----+
[   14.320892] cloud-init[979]: |      +oO++      |
[   14.352110] cloud-init[979]: |     o * =o      |
[   14.373252] cloud-init[979]: |      = o. o .   |
[   14.390724] cloud-init[979]: |     = * o. . .  |
[   14.400440] cloud-init[979]: |  + + o S .  . o |
[   14.419843] cloud-init[979]: | + + o   .+ o o .|
[   14.435916] cloud-init[979]: |  + +    .oBEo   |
[   14.451996] cloud-init[979]: |   +     =+o+    |
[   14.471638] cloud-init[979]: |        ..+o     |
[   14.480129] cloud-init[979]: +----[SHA256]-----+
[[0;32m  OK  [0m] Started Snap Daemon.
         Starting Wait until snapd is fully seeded...
[   14.490324] cloud-init[979]: Generating public/private ecdsa key pair.
[   14.524194] cloud-init[979]: Your identification has been saved in /etc/ssh/ssh_host_ecdsa_key.
[   14.552103] cloud-init[979]: Your public key has been saved in /etc/ssh/ssh_host_ecdsa_key.pub.
[   14.567030] cloud-init[979]: The key fingerprint is:
[   14.576758] cloud-init[979]: SHA256:rqQuOm8o/003wvjCIvgOmqwZNxW8Zg4Am8L1b4Zr2rI root@ubuntu-xenial
[   14.594754] cloud-init[979]: The key's randomart image is:
[   14.599328] cloud-init[979]: +---[ECDSA 256]---+
[   14.603518] cloud-init[979]: |.  .             |
[   14.613944] cloud-init[979]: |oo...            |
[   14.623436] cloud-init[979]: |=.  o.           |
[   14.631637] cloud-init[979]: |..   oo          |
[   14.648859] cloud-init[979]: |  . =. +S        |
[   14.661715] cloud-init[979]: |   * o+.         |
[   14.670472] cloud-init[979]: |+.o.oo= +        |
[[0;32m  OK  [0m] Started Pollinate to seed the pseudo random number generator.[   14.688419] cloud-init
[979]: |O*+o** + .       |         Starting OpenBSD Secure Shell server...

[   14.708937] cloud-init[979]: |O@=E*o+          |
[[0;32m  OK  [0m] Started OpenBSD Secure Shell server.
[   14.731695] cloud-init[979]: +----[SHA256]-----+
[   14.741470] cloud-init[979]: Generating public/private ed25519 key pair.
[   14.748280] cloud-init[979]: Your identification has been saved in /etc/ssh/ssh_host_ed25519_key.
[   14.755713] cloud-init[979]: Your public key has been saved in /etc/ssh/ssh_host_ed25519_key.pub.
[   14.764315] cloud-init[979]: The key fingerprint is:
[   14.774361] cloud-init[979]: SHA256:XjOwW1GBqZcAx1OviTaIc9M8K3UpLWklVwhpcNS1c98 root@ubuntu-xenial
[   14.783927] cloud-init[979]: The key's randomart image is:
[   14.791037] cloud-init[979]: +--[ED25519 256]--+
[   14.800849] cloud-init[979]: |      o===.==.   |
[   14.805010] cloud-init[979]: |       o* =+ .   |
[   14.814362] cloud-init[979]: |       .o++.+ .  |
[   14.823446] cloud-init[979]: |     . +.Xo= o ..|
[   14.830159] cloud-init[979]: |    o + S.@     E|
[   14.843927] cloud-init[979]: |     o * @ o     |
[   14.850296] cloud-init[979]: |      . +        |
[   14.859813] cloud-init[979]: |       .         |
[   14.870649] cloud-init[979]: |                 |
[   14.880247] cloud-init[979]: +----[SHA256]-----+
[[0;32m  OK  [0m] Started Wait until snapd is fully seeded.
[[0;32m  OK  [0m] Reached target Multi-User System.
[[0;32m  OK  [0m] Reached target Graphical Interface.
         Starting Update UTMP about System Runlevel Changes...
         Starting Apply the settings specified in cloud-config...
[[0;32m  OK  [0m] Started Update UTMP about System Runlevel Changes.
[   16.706883] cloud-init[1337]: Generating locales (this might take a while)...
[   17.908349] cloud-init[1337]:   en_US.UTF-8... done
[   17.918500] cloud-init[1337]: Generation complete.
[[0;32m  OK  [0m] Created slice User Slice of vagrant.
         Starting User Manager for UID 1000...
[[0;32m  OK  [0m] Started Session 1 of user vagrant.
[[0;32m  OK  [0m] Started User Manager for UID 1000.
[   18.516727] cloud-init[1337]: Cloud-init v. 21.1-19-gbad84ad4-0ubuntu1~16.04.2 running 'modules:config' at Fri, 03 Mar 2023 17:28:44 +0000. Up 16.53 seconds.
[[0;32m  OK  [0m] Started Apply the settings specified in cloud-config.
         Starting Execute cloud user/final scripts...

Ubuntu 16.04.7 LTS ubuntu-xenial ttyS0

ubuntu-xenial login: ci-info: no authorized SSH keys fingerprints found for user ubuntu.
<14>Mar  3 17:28:47 ec2: 
<14>Mar  3 17:28:47 ec2: #############################################################
<14>Mar  3 17:28:47 ec2: -----BEGIN SSH HOST KEY FINGERPRINTS-----
<14>Mar  3 17:28:47 ec2: 1024 SHA256:DFQGtros00JmN022PdxQBnYSTj3e7Y0KY+eSF+rh2HQ root@ubuntu-xenial (DSA)
<14>Mar  3 17:28:47 ec2: 256 SHA256:rqQuOm8o/003wvjCIvgOmqwZNxW8Zg4Am8L1b4Zr2rI root@ubuntu-xenial (ECDSA)
<14>Mar  3 17:28:47 ec2: 256 SHA256:XjOwW1GBqZcAx1OviTaIc9M8K3UpLWklVwhpcNS1c98 root@ubuntu-xenial (ED25519)
<14>Mar  3 17:28:47 ec2: 2048 SHA256:2KmkX6Y6jfcoqnRYY6dVvlhPUy/5daGKPGrcqiJna2w root@ubuntu-xenial (RSA)
<14>Mar  3 17:28:47 ec2: -----END SSH HOST KEY FINGERPRINTS-----
<14>Mar  3 17:28:47 ec2: #############################################################
-----BEGIN SSH HOST KEY KEYS-----
ecdsa-sha2-nistp256 AAAAE2VjZHNhLXNoYTItbmlzdHAyNTYAAAAIbmlzdHAyNTYAAABBBGuxk7MQ+LGc6tOzcj46scNETJibmFUfY1B634IxkCFpAyyvzns3AeQRF7bzd5xr0cwkhRZatm5ZGeKq3YuGTAs= root@ubuntu-xenial
ssh-ed25519 AAAAC3NzaC1lZDI1NTE5AAAAIJrURp5Yr4k5IHtPeh2CvXAwB2EWEvS1XkxLJviVPYJw root@ubuntu-xenial
ssh-rsa AAAAB3NzaC1yc2EAAAADAQABAAABAQDY0MG1CPsF7FgqboSdGTuJ14c5Ubtrz4De7nXRNF9fU7fcMLaQqpbA7mAKyMFbIuS5OKaymBpTBQ9sHqoHXIT5Q3guObMzdkJu7JgdINzdPI0FvzE1vvv/8dmWRjBTnPgoSZ8YX39IJUIVkqHxQw+QjR0+arzV6dz40H9EwSQ6GipLBZf3o9Ehav2gw3sVPD0PqlinL4x0JIgOsqNvEcWj3pQc45qi2UEUpjqGjwpQLZmJ89YUlhcd7eAUoLJLgZFpft5evYf+26yaj+wujxpvPQsIx31khv95aOYoSiYEY1ro2N4NJ7MpkPC0qbqH7e/m4mBKCPetkxg2Hzt8XLVV root@ubuntu-xenial
-----END SSH HOST KEY KEYS-----
[   20.359344] cloud-init[1412]: Cloud-init v. 21.1-19-gbad84ad4-0ubuntu1~16.04.2 running 'modules:final' at Fri, 03 Mar 2023 17:28:47 +0000. Up 19.59 seconds.
[   20.401106] cloud-init[1412]: ci-info: no authorized SSH keys fingerprints found for user ubuntu.
[   20.406703] cloud-init[1412]: Cloud-init v. 21.1-19-gbad84ad4-0ubuntu1~16.04.2 finished at Fri, 03 Mar 2023 17:28:47 +0000. Datasource DataSourceNoCloud [seed=/dev/sdb][dsmode=net].  Up 20.33 seconds
                                                                                                                                                                                                                                                                                                                                 