[    0.000000] Initializing cgroup subsys cpuset
[    0.000000] Initializing cgroup subsys cpu
[    0.000000] Initializing cgroup subsys cpuacct
[    0.000000] Linux version 4.4.0-210-generic (buildd@lgw01-amd64-009) (gcc version 5.4.0 20160609 (Ubuntu 5.4.0-6ubuntu1~16.04.12) ) #242-Ubuntu SMP Fri Apr 16 09:57:56 UTC 2021 (Ubuntu 4.4.0-210.242-generic 4.4.262)
[    0.000000] Command line: BOOT_IMAGE=/boot/vmlinuz-4.4.0-210-generic root=LABEL=cloudimg-rootfs ro console=tty1 console=ttyS0
[    0.000000] KERNEL supported cpus:
[    0.000000]   Intel GenuineIntel
[    0.000000]   AMD AuthenticAMD
[    0.000000]   Centaur CentaurHauls
[    0.000000] x86/fpu: xstate_offset[2]:  576, xstate_sizes[2]:  256
[    0.000000] x86/fpu: Supporting XSAVE feature 0x01: 'x87 floating point registers'
[    0.000000] x86/fpu: Supporting XSAVE feature 0x02: 'SSE registers'
[    0.000000] x86/fpu: Supporting XSAVE feature 0x04: 'AVX registers'
[    0.000000] x86/fpu: Enabled xstate features 0x7, context size is 832 bytes, using 'standard' format.
[    0.000000] e820: BIOS-provided physical RAM map:
[    0.000000] BIOS-e820: [mem 0x0000000000000000-0x000000000009fbff] usable
[    0.000000] BIOS-e820: [mem 0x000000000009fc00-0x000000000009ffff] reserved
[    0.000000] BIOS-e820: [mem 0x00000000000f0000-0x00000000000fffff] reserved
[    0.000000] BIOS-e820: [mem 0x0000000000100000-0x000000003ffeffff] usable
[    0.000000] BIOS-e820: [mem 0x000000003fff0000-0x000000003fffffff] ACPI data
[    0.000000] BIOS-e820: [mem 0x00000000fec00000-0x00000000fec00fff] reserved
[    0.000000] BIOS-e820: [mem 0x00000000fee00000-0x00000000fee00fff] reserved
[    0.000000] BIOS-e820: [mem 0x00000000fffc0000-0x00000000ffffffff] reserved
[    0.000000] NX (Execute Disable) protection: active
[    0.000000] SMBIOS 2.5 present.
[    0.000000] Hypervisor detected: KVM
[    0.000000] e820: last_pfn = 0x3fff0 max_arch_pfn = 0x400000000
[    0.000000] MTRR: Disabled
[    0.000000] x86/PAT: MTRRs disabled, skipping PAT initialization too.
[    0.000000] CPU MTRRs all blank - virtualized system.
[    0.000000] x86/PAT: Configuration [0-7]: WB  WT  UC- UC  WB  WT  UC- UC  
[    0.000000] found SMP MP-table at [mem 0x0009fff0-0x0009ffff] mapped at [ffff88000009fff0]
[    0.000000] Scanning 1 areas for low memory corruption
[    0.000000] RAMDISK: [mem 0x362dc000-0x37165fff]
[    0.000000] ACPI: Early table checksum verification disabled
[    0.000000] ACPI: RSDP 0x00000000000E0000 000024 (v02 VBOX  )
[    0.000000] ACPI: XSDT 0x000000003FFF0030 00003C (v01 VBOX   VBOXXSDT 00000001 ASL  00000061)
[    0.000000] ACPI: FACP 0x000000003FFF00F0 0000F4 (v04 VBOX   VBOXFACP 00000001 ASL  00000061)
[    0.000000] ACPI: DSDT 0x000000003FFF0610 002353 (v02 VBOX   VBOXBIOS 00000002 INTL 20200528)
[    0.000000] ACPI: FACS 0x000000003FFF0200 000040
[    0.000000] ACPI: FACS 0x000000003FFF0200 000040
[    0.000000] ACPI: APIC 0x000000003FFF0240 000054 (v02 VBOX   VBOXAPIC 00000001 ASL  00000061)
[    0.000000] ACPI: SSDT 0x000000003FFF02A0 00036C (v01 VBOX   VBOXCPUT 00000002 INTL 20200528)
[    0.000000] No NUMA configuration found
[    0.000000] Faking a node at [mem 0x0000000000000000-0x000000003ffeffff]
[    0.000000] NODE_DATA(0) allocated [mem 0x3ffeb000-0x3ffeffff]
[    0.000000] kvm-clock: Using msrs 4b564d01 and 4b564d00
[    0.000000] kvm-clock: cpu 0, msr 0:3ffe3001, primary cpu clock
[    0.000000] kvm-clock: using sched offset of 3369043314 cycles
[    0.000000] clocksource: kvm-clock: mask: 0xffffffffffffffff max_cycles: 0x1cd42e4dffb, max_idle_ns: 881590591483 ns
[    0.000000] Zone ranges:
[    0.000000]   DMA      [mem 0x0000000000001000-0x0000000000ffffff]
[    0.000000]   DMA32    [mem 0x0000000001000000-0x000000003ffeffff]
[    0.000000]   Normal   empty
[    0.000000]   Device   empty
[    0.000000] Movable zone start for each node
[    0.000000] Early memory node ranges
[    0.000000]   node   0: [mem 0x0000000000001000-0x000000000009efff]
[    0.000000]   node   0: [mem 0x0000000000100000-0x000000003ffeffff]
[    0.000000] Initmem setup node 0 [mem 0x0000000000001000-0x000000003ffeffff]
[    0.000000] ACPI: PM-Timer IO Port: 0x4008
[    0.000000] IOAPIC[0]: apic_id 1, version 32, address 0xfec00000, GSI 0-23
[    0.000000] ACPI: INT_SRC_OVR (bus 0 bus_irq 0 global_irq 2 dfl dfl)
[    0.000000] ACPI: INT_SRC_OVR (bus 0 bus_irq 9 global_irq 9 low level)
[    0.000000] Using ACPI (MADT) for SMP configuration information
[    0.000000] smpboot: Allowing 1 CPUs, 0 hotplug CPUs
[    0.000000] PM: Registered nosave memory: [mem 0x00000000-0x00000fff]
[    0.000000] PM: Registered nosave memory: [mem 0x0009f000-0x0009ffff]
[    0.000000] PM: Registered nosave memory: [mem 0x000a0000-0x000effff]
[    0.000000] PM: Registered nosave memory: [mem 0x000f0000-0x000fffff]
[    0.000000] e820: [mem 0x40000000-0xfebfffff] available for PCI devices
[    0.000000] Booting paravirtualized kernel on KVM
[    0.000000] clocksource: refined-jiffies: mask: 0xffffffff max_cycles: 0xffffffff, max_idle_ns: 7645519600211568 ns
[    0.000000] setup_percpu: NR_CPUS:512 nr_cpumask_bits:512 nr_cpu_ids:1 nr_node_ids:1
[    0.000000] PERCPU: Embedded 33 pages/cpu @ffff88003fc00000 s95192 r8192 d31784 u2097152
[    0.000000] Built 1 zonelists in Node order, mobility grouping on.  Total pages: 257912
[    0.000000] Policy zone: DMA32
[    0.000000] Kernel command line: BOOT_IMAGE=/boot/vmlinuz-4.4.0-210-generic root=LABEL=cloudimg-rootfs ro console=tty1 console=ttyS0
[    0.000000] PID hash table entries: 4096 (order: 3, 32768 bytes)
[    0.000000] Memory: 997924K/1048120K available (8644K kernel code, 1332K rwdata, 4044K rodata, 1492K init, 1164K bss, 50196K reserved, 0K cma-reserved)
[    0.000000] SLUB: HWalign=64, Order=0-3, MinObjects=0, CPUs=1, Nodes=1
[    0.000000] Kernel/User page tables isolation: enabled
[    0.000000] Hierarchical RCU implementation.
[    0.000000] 	Build-time adjustment of leaf fanout to 64.
[    0.000000] 	RCU restricting CPUs from NR_CPUS=512 to nr_cpu_ids=1.
[    0.000000] RCU: Adjusting geometry for rcu_fanout_leaf=64, nr_cpu_ids=1
[    0.000000] NR_IRQS:33024 nr_irqs:256 16
[    0.000000] Console: colour VGA+ 80x25
[    0.000000] console [tty1] enabled
[    0.000000] console [ttyS0] enabled
[    0.000000] tsc: Detected 2608.662 MHz processor
[    0.469749] Calibrating delay loop (skipped) preset value.. 5217.32 BogoMIPS (lpj=10434648)
[    0.475948] pid_max: default: 32768 minimum: 301
[    0.478760] ACPI: Core revision 20150930
[    0.482143] ACPI: 2 ACPI AML tables successfully acquired and loaded
[    0.487867] Security Framework initialized
[    0.490669] Yama: becoming mindful.
[    0.493052] AppArmor: AppArmor initialized
[    0.495753] Dentry cache hash table entries: 131072 (order: 8, 1048576 bytes)
[    0.501716] Inode-cache hash table entries: 65536 (order: 7, 524288 bytes)
[    0.506363] Mount-cache hash table entries: 2048 (order: 2, 16384 bytes)
[    0.510090] Mountpoint-cache hash table entries: 2048 (order: 2, 16384 bytes)
[    0.514397] Initializing cgroup subsys io
[    0.517307] Initializing cgroup subsys memory
[    0.519886] Initializing cgroup subsys devices
[    0.522487] Initializing cgroup subsys freezer
[    0.525133] Initializing cgroup subsys net_cls
[    0.527735] Initializing cgroup subsys perf_event
[    0.530484] Initializing cgroup subsys net_prio
[    0.534520] Initializing cgroup subsys hugetlb
[    0.537990] Initializing cgroup subsys pids
[    0.554740] mce: CPU supports 0 MCE banks
[    0.557578] process: using mwait in idle threads
[    0.560540] Last level iTLB entries: 4KB 64, 2MB 8, 4MB 8
[    0.563871] Last level dTLB entries: 4KB 64, 2MB 0, 4MB 0, 1GB 4
[    0.567435] Spectre V1 : Mitigation: usercopy/swapgs barriers and __user pointer sanitization
[    0.572495] Spectre V2 : Mitigation: Full generic retpoline
[    0.576315] Spectre V2 : Spectre v2 / SpectreRSB mitigation: Filling RSB on context switch
[    0.581257] Speculative Store Bypass: Vulnerable
[    0.584205] SRBDS: Unknown: Dependent on hypervisor status
[    0.588070] MDS: Mitigation: Clear CPU buffers
[    0.741281] Freeing SMP alternatives memory: 36K
[    0.806599] ftrace: allocating 32380 entries in 127 pages
[    1.264669] smpboot: APIC(0) Converting physical 0 to logical package 0
[    1.270095] smpboot: Max logical packages: 1
[    1.275021] x2apic enabled
[    1.278643] Switched APIC routing to physical x2apic.
[    1.290518] ..TIMER: vector=0x30 apic1=0 pin1=2 apic2=-1 pin2=-1
[    1.402820] APIC calibration not consistent with PM-Timer: 204ms instead of 100ms
[    1.407866] APIC delta adjusted to PM-Timer: 6249989 (12750727)
[    1.412010] smpboot: CPU0: Intel(R) Core(TM) i7-9750H CPU @ 2.60GHz (family: 0x6, model: 0x9e, stepping: 0xa)
[    1.419827] Performance Events: unsupported p6 CPU model 158 no PMU driver, software events only.
[    1.499544] KVM setup paravirtual spinlock
[    1.502821] x86: Booted up 1 node, 1 CPUs
[    1.505152] smpboot: Total of 1 processors activated (5217.32 BogoMIPS)
[    1.509870] devtmpfs: initialized
[    1.513238] evm: security.selinux
[    1.515842] evm: security.SMACK64
[    1.517841] evm: security.SMACK64EXEC
[    1.519965] evm: security.SMACK64TRANSMUTE
[    1.522324] evm: security.SMACK64MMAP
[    1.524485] evm: security.ima
[    1.526314] evm: security.capability
[    1.528841] clocksource: jiffies: mask: 0xffffffff max_cycles: 0xffffffff, max_idle_ns: 7645041785100000 ns
[    1.535462] futex hash table entries: 256 (order: 2, 16384 bytes)
[    1.539927] pinctrl core: initialized pinctrl subsystem
[    1.543738] RTC time: 12:49:29, date: 03/07/23
[    1.547225] NET: Registered protocol family 16
[    1.550486] cpuidle: using governor ladder
[    1.553257] cpuidle: using governor menu
[    1.555828] PCCT header not found.
[    1.558578] ACPI: bus type PCI registered
[    1.561170] acpiphp: ACPI Hot Plug PCI Controller Driver version: 0.5
[    1.565590] PCI: Using configuration type 1 for base access
[    1.570644] ACPI: Added _OSI(Module Device)
[    1.573516] ACPI: Added _OSI(Processor Device)
[    1.576674] ACPI: Added _OSI(3.0 _SCP Extensions)
[    1.580612] ACPI: Added _OSI(Processor Aggregator Device)
[    1.585524] ACPI: Executed 1 blocks of module-level executable AML code
[    1.593512] ACPI: Interpreter enabled
[    1.596032] ACPI: (supports S0 S5)
[    1.598450] ACPI: Using IOAPIC for interrupt routing
[    1.601839] PCI: Using host bridge windows from ACPI; if necessary, use "pci=nocrs" and report a bug
[    1.612948] ACPI: PCI Root Bridge [PCI0] (domain 0000 [bus 00-ff])
[    1.616358] acpi PNP0A03:00: _OSC: OS supports [ASPM ClockPM Segments MSI]
[    1.620734] acpi PNP0A03:00: _OSC: not requesting OS control; OS requires [ExtendedConfig ASPM ClockPM MSI]
[    1.626675] acpi PNP0A03:00: fail to add MMCONFIG information, can't access extended PCI configuration space under this bridge.
[    1.633578] PCI host bridge to bus 0000:00
[    1.635934] pci_bus 0000:00: root bus resource [io  0x0000-0x0cf7 window]
[    1.639702] pci_bus 0000:00: root bus resource [io  0x0d00-0xffff window]
[    1.643944] pci_bus 0000:00: root bus resource [mem 0x000a0000-0x000bffff window]
[    1.648847] pci_bus 0000:00: root bus resource [mem 0x40000000-0xfdffffff window]
[    1.653004] pci_bus 0000:00: root bus resource [bus 00-ff]
[    1.660850] pci 0000:00:01.1: legacy IDE quirk: reg 0x10: [io  0x01f0-0x01f7]
[    1.676214] pci 0000:00:01.1: legacy IDE quirk: reg 0x14: [io  0x03f6]
[    1.680943] pci 0000:00:01.1: legacy IDE quirk: reg 0x18: [io  0x0170-0x0177]
[    1.684974] pci 0000:00:01.1: legacy IDE quirk: reg 0x1c: [io  0x0376]
[    1.724710] pci 0000:00:07.0: quirk: [io  0x4000-0x403f] claimed by PIIX4 ACPI
[    1.730594] pci 0000:00:07.0: quirk: [io  0x4100-0x410f] claimed by PIIX4 SMB
[    1.747930] ACPI: PCI Interrupt Link [LNKA] (IRQs 5 9 10 *11)
[    1.754305] ACPI: PCI Interrupt Link [LNKB] (IRQs 5 9 *10 11)
[    1.760245] ACPI: PCI Interrupt Link [LNKC] (IRQs 5 *9 10 11)
[    1.765701] ACPI: PCI Interrupt Link [LNKD] (IRQs 5 9 10 *11)
[    1.771363] ACPI: Enabled 2 GPEs in block 00 to 07
[    1.775270] vgaarb: setting as boot device: PCI:0000:00:02.0
[    1.778979] vgaarb: device added: PCI:0000:00:02.0,decodes=io+mem,owns=io+mem,locks=none
[    1.784289] vgaarb: loaded
[    1.786262] vgaarb: bridge control possible 0000:00:02.0
[    1.790201] SCSI subsystem initialized
[    1.793525] ACPI: bus type USB registered
[    1.796351] usbcore: registered new interface driver usbfs
[    1.800024] usbcore: registered new interface driver hub
[    1.803527] usbcore: registered new device driver usb
[    1.807553] PCI: Using ACPI for IRQ routing
[    1.811657] NetLabel: Initializing
[    1.814554] NetLabel:  domain hash size = 128
[    1.817647] NetLabel:  protocols = UNLABELED CIPSOv4
[    1.821029] NetLabel:  unlabeled traffic allowed by default
[    1.825563] amd_nb: Cannot enumerate AMD northbridges
[    1.829572] clocksource: Switched to clocksource kvm-clock
[    1.847586] AppArmor: AppArmor Filesystem Enabled
[    1.851256] pnp: PnP ACPI init
[    1.855912] pnp: PnP ACPI: found 3 devices
[    1.867018] clocksource: acpi_pm: mask: 0xffffff max_cycles: 0xffffff, max_idle_ns: 2085701024 ns
[    1.874726] NET: Registered protocol family 2
[    1.879051] TCP established hash table entries: 8192 (order: 4, 65536 bytes)
[    1.884666] TCP bind hash table entries: 8192 (order: 5, 131072 bytes)
[    1.890079] TCP: Hash tables configured (established 8192 bind 8192)
[    1.894978] UDP hash table entries: 512 (order: 2, 16384 bytes)
[    1.899458] UDP-Lite hash table entries: 512 (order: 2, 16384 bytes)
[    1.904807] NET: Registered protocol family 1
[    1.909487] pci 0000:00:00.0: Limiting direct PCI/PCI transfers
[    1.914289] pci 0000:00:01.0: Activating ISA DMA hang workarounds
[    1.919697] Unpacking initramfs...
[    2.177976] Freeing initrd memory: 14888K
[    2.181364] clocksource: tsc: mask: 0xffffffffffffffff max_cycles: 0x259a32ceb7e, max_idle_ns: 440795256241 ns
[    2.188297] platform rtc_cmos: registered platform RTC device (no PNP device found)
[    2.193645] Scanning for low memory corruption every 60 seconds
[    2.198053] audit: initializing netlink subsys (disabled)
[    2.201820] audit: type=2000 audit(1678193374.484:1): initialized
[    2.206376] Initialise system trusted keyring
[    2.209908] HugeTLB registered 2 MB page size, pre-allocated 0 pages
[    2.215709] zbud: loaded
[    2.218297] VFS: Disk quotas dquot_6.6.0
[    2.221034] VFS: Dquot-cache hash table entries: 512 (order 0, 4096 bytes)
[    2.225380] squashfs: version 4.0 (2009/01/31) Phillip Lougher
[    2.229344] fuse init (API version 7.23)
[    2.231869] Key type big_key registered
[    2.234355] Allocating IMA MOK and blacklist keyrings.
[    2.238076] Key type asymmetric registered
[    2.240556] Asymmetric key parser 'x509' registered
[    2.243512] Block layer SCSI generic (bsg) driver version 0.4 loaded (major 249)
[    2.247993] io scheduler noop registered
[    2.250430] io scheduler deadline registered (default)
[    2.253592] io scheduler cfq registered
[    2.256099] pci_hotplug: PCI Hot Plug PCI Core version: 0.5
[    2.259410] pciehp: PCI Express Hot Plug Controller Driver version: 0.4
[    2.263721] ACPI: AC Adapter [AC] (on-line)
[    2.266507] input: Power Button as /devices/LNXSYSTM:00/LNXPWRBN:00/input/input0
[    2.270715] ACPI: Power Button [PWRF]
[    2.273193] input: Sleep Button as /devices/LNXSYSTM:00/LNXSLPBN:00/input/input1
[    2.278936] ACPI: Sleep Button [SLPF]
[    2.283490] GHES: HEST is not enabled!
[    2.286531] ACPI: Battery Slot [BAT0] (battery present)
[    2.290540] Serial: 8250/16550 driver, 32 ports, IRQ sharing enabled
[    2.324999] 00:02: ttyS0 at I/O 0x3f8 (irq = 4, base_baud = 115200) is a 16550A
[    2.330884] Linux agpgart interface v0.103
[    2.335535] loop: module loaded
[    2.338431] scsi host0: ata_piix
[    2.340509] scsi host1: ata_piix
[    2.343278] ata1: PATA max UDMA/33 cmd 0x1f0 ctl 0x3f6 bmdma 0xd000 irq 14
[    2.347256] ata2: PATA max UDMA/33 cmd 0x170 ctl 0x376 bmdma 0xd008 irq 15
[    2.353389] libphy: Fixed MDIO Bus: probed
[    2.355854] tun: Universal TUN/TAP device driver, 1.6
[    2.358827] tun: (C) 1999-2004 Max Krasnyansky <maxk@qualcomm.com>
[    2.362627] PPP generic driver version 2.4.2
[    2.365258] ehci_hcd: USB 2.0 'Enhanced' Host Controller (EHCI) Driver
[    2.369075] ehci-pci: EHCI PCI platform driver
[    2.371773] ehci-platform: EHCI generic platform driver
[    2.374956] ohci_hcd: USB 1.1 'Open' Host Controller (OHCI) Driver
[    2.378528] ohci-pci: OHCI PCI platform driver
[    2.381191] ohci-platform: OHCI generic platform driver
[    2.385137] uhci_hcd: USB Universal Host Controller Interface driver
[    2.388638] i8042: PNP: PS/2 Controller [PNP0303:PS2K,PNP0f03:PS2M] at 0x60,0x64 irq 1,12
[    2.395204] serio: i8042 KBD port at 0x60,0x64 irq 1
[    2.397971] serio: i8042 AUX port at 0x60,0x64 irq 12
[    2.400945] mousedev: PS/2 mouse device common for all mice
[    2.405675] input: AT Translated Set 2 keyboard as /devices/platform/i8042/serio0/input/input2
[    2.411945] rtc_cmos rtc_cmos: rtc core: registered rtc_cmos as rtc0
[    2.416214] rtc_cmos rtc_cmos: alarms up to one day, 114 bytes nvram
[    2.419739] i2c /dev entries driver
[    2.421832] device-mapper: uevent: version 1.0.3
[    2.425218] device-mapper: ioctl: 4.34.0-ioctl (2015-10-28) initialised: dm-devel@redhat.com
[    2.430128] ledtrig-cpu: registered to indicate activity on CPUs
[    2.433956] NET: Registered protocol family 10
[    2.437294] NET: Registered protocol family 17
[    2.439937] Key type dns_resolver registered
[    2.442860] registered taskstats version 1
[    2.445631] Loading compiled-in X.509 certificates
[    2.449180] Loaded X.509 cert 'Build time autogenerated kernel key: cf00e047681d67edb2720680708b7d9498083038'
[    2.455104] zswap: loaded using pool lzo/zbud
[    2.459157] Key type trusted registered
[    2.464060] Key type encrypted registered
[    2.466388] AppArmor: AppArmor sha1 policy hashing enabled
[    2.469570] ima: No TPM chip found, activating TPM-bypass!
[    2.472709] ima: Allocated hash algorithm: sha1
[    2.475955] evm: HMAC attrs: 0x1
[    2.478542]   Magic number: 15:565:834
[    2.480848]   hash matches /build/linux-3Zqs18/linux-4.4.0/drivers/base/power/main.c:740
[    2.486061] rtc_cmos rtc_cmos: setting system clock to 2023-03-07 12:49:30 UTC (1678193370)
[    2.491060] BIOS EDD facility v0.16 2004-Jun-25, 0 devices found
[    2.494607] EDD information not available.
[    2.546174] Freeing unused kernel memory: 1492K
[    2.553601] Write protecting the kernel read-only data: 14336k
[    2.557187] Freeing unused kernel memory: 1584K
[    2.559955] Freeing unused kernel memory: 52K
Loading, please wait...
starting version 229
[    2.575990] random: udevadm: uninitialized urandom read (16 bytes read, 3 bits of entropy available)
[    2.581323] random: udevadm: uninitialized urandom read (16 bytes read, 3 bits of entropy available)
[    2.587082] random: systemd-udevd: uninitialized urandom read (16 bytes read, 3 bits of entropy available)
[    2.592853] random: systemd-udevd: uninitialized urandom read (16 bytes read, 3 bits of entropy available)
[    2.598501] random: systemd-udevd: uninitialized urandom read (16 bytes read, 3 bits of entropy available)
[    2.610488] random: systemd-udevd: uninitialized urandom read (16 bytes read, 3 bits of entropy available)
[    2.617397] random: udevadm: uninitialized urandom read (16 bytes read, 3 bits of entropy available)
[    2.623534] random: systemd-udevd: uninitialized urandom read (16 bytes read, 3 bits of entropy available)
[    2.629077] random: systemd-udevd: uninitialized urandom read (16 bytes read, 3 bits of entropy available)
[    2.635375] random: udevadm: uninitialized urandom read (16 bytes read, 3 bits of entropy available)
[    2.717025] e1000: Intel(R) PRO/1000 Network Driver - version 7.3.21-k8-NAPI
[    2.721864] e1000: Copyright (c) 1999-2006 Intel Corporation.
[    2.731844] Fusion MPT base driver 3.04.20
[    2.734892] Copyright (c) 1999-2008 LSI Corporation
[    2.798032] Fusion MPT SPI Host driver 3.04.20
[    2.808790] AVX2 version of gcm_enc/dec engaged.
[    2.812036] AES CTR mode by8 optimization enabled
[    3.032176] input: ImExPS/2 Generic Explorer Mouse as /devices/platform/i8042/serio1/input/input4
[    3.451924] e1000 0000:00:03.0 eth0: (PCI:33MHz:32-bit) 02:be:82:6b:cc:1d
[    3.458872] e1000 0000:00:03.0 eth0: Intel(R) PRO/1000 Network Connection
[    3.467926] mptbase: ioc0: Initiating bringup
[    3.541187] ioc0: LSI53C1030 A0: Capabilities={Initiator}
[    3.762248] scsi host2: ioc0: LSI53C1030 A0, FwRev=00000000h, Ports=1, MaxQ=256, IRQ=20
[    3.893723] scsi 2:0:0:0: Direct-Access     VBOX     HARDDISK         1.0  PQ: 0 ANSI: 5
[    3.901542] scsi target2:0:0: Beginning Domain Validation
[    3.913846] scsi target2:0:0: Domain Validation skipping write tests
[    3.921897] scsi target2:0:0: Ending Domain Validation
[    3.945555] scsi target2:0:0: asynchronous
[    3.976598] scsi 2:0:1:0: Direct-Access     VBOX     HARDDISK         1.0  PQ: 0 ANSI: 5
[    4.004680] scsi target2:0:1: Beginning Domain Validation
[    4.011394] scsi target2:0:1: Domain Validation skipping write tests
[    4.015909] scsi target2:0:1: Ending Domain Validation
[    4.032698] scsi target2:0:1: asynchronous
[    4.224442] sd 2:0:0:0: [sda] 83886080 512-byte logical blocks: (42.9 GB/40.0 GiB)
[    4.231209] sd 2:0:0:0: Attached scsi generic sg0 type 0
[    4.236057] sd 2:0:1:0: [sdb] 20480 512-byte logical blocks: (10.5 MB/10.0 MiB)
[    4.242269] sd 2:0:1:0: Attached scsi generic sg1 type 0
[    4.255111] sd 2:0:0:0: [sda] Write Protect is off
[    4.265558] sd 2:0:1:0: [sdb] Write Protect is off
[    4.283275] sd 2:0:0:0: [sda] Incomplete mode parameter data
[    4.287137] sd 2:0:0:0: [sda] Assuming drive cache: write through
[    4.292042] sd 2:0:1:0: [sdb] Incomplete mode parameter data
[    4.296070] sd 2:0:1:0: [sdb] Assuming drive cache: write through
[    4.317170]  sda: sda1
[    4.320555] sd 2:0:1:0: [sdb] Attached SCSI disk
[    4.332248] sd 2:0:0:0: [sda] Attached SCSI disk
[    4.530240] e1000 0000:00:08.0 eth1: (PCI:33MHz:32-bit) 08:00:27:c4:c4:df
[    4.533997] e1000 0000:00:08.0 eth1: Intel(R) PRO/1000 Network Connection
[    4.539762] e1000 0000:00:08.0 enp0s8: renamed from eth1
[    4.546143] e1000 0000:00:03.0 enp0s3: renamed from eth0
Begin: Loading essential drivers ... [    6.068850] md: linear personality registered for level -1
[    6.074784] md: multipath personality registered for level -4
[    6.080708] md: raid0 personality registered for level 0
[    6.090306] md: raid1 personality registered for level 1
[    6.167932] raid6: sse2x1   gen() 14129 MB/s
[    6.248127] raid6: sse2x1   xor() 10821 MB/s
[    6.327243] raid6: sse2x2   gen() 18046 MB/s
[    6.407038] raid6: sse2x2   xor() 12368 MB/s
[    6.486236] raid6: sse2x4   gen() 16109 MB/s
[    6.566220] raid6: sse2x4   xor() 11449 MB/s
[    6.644790] raid6: avx2x1   gen() 21514 MB/s
[    6.724606] raid6: avx2x2   gen() 32372 MB/s
[    6.804561] raid6: avx2x4   gen() 35027 MB/s
[    6.808377] raid6: using algorithm avx2x4 gen() 35027 MB/s
[    6.811928] raid6: using avx2x2 recovery algorithm
[    6.816997] xor: automatically using best checksumming function:
[    6.913174]    avx       : 54905.000 MB/sec
[    6.918116] async_tx: api initialized (async)
[    6.945438] md: raid6 personality registered for level 6
[    6.949074] md: raid5 personality registered for level 5
[    6.952299] md: raid4 personality registered for level 4
[    6.965529] md: raid10 personality registered for level 10
done.
Begin: Running /scripts/init-premount ... done.
Begin: Mounting root file system ... Begin: Running /scripts/local-top ... done.
Begin: Running /scripts/local-premount ... [    7.034480] Btrfs loaded
Scanning for Btrfs filesystems
done.
Warning: fsck not present, so skipping root file system
[    7.069415] EXT4-fs (sda1): mounted filesystem with ordered data mode. Opts: (null)
done.
Begin: Running /scripts/local-bottom ... done.
Begin: Running /scripts/init-bottom ... done.
[    7.196908] systemd[1]: systemd 229 running in system mode. (+PAM +AUDIT +SELINUX +IMA +APPARMOR +SMACK +SYSVINIT +UTMP +LIBCRYPTSETUP +GCRYPT +GNUTLS +ACL +XZ -LZ4 +SECCOMP +BLKID +ELFUTILS +KMOD -IDN)
[    7.207287] systemd[1]: Detected virtualization oracle.
[    7.210209] systemd[1]: Detected architecture x86-64.

Welcome to [1mUbuntu 16.04.7 LTS[0m!

[    7.219617] systemd[1]: Set hostname to <ubuntu>.
[    7.225681] systemd[1]: Initializing machine ID from random generator.
[    7.229239] systemd[1]: Installed transient /etc/machine-id file.
[    7.519391] systemd[1]: Reached target Swap.
[[0;32m  OK  [0m] Reached target Swap.
[    7.529972] systemd[1]: Listening on LVM2 poll daemon socket.
[[0;32m  OK  [0m] Listening on LVM2 poll daemon socket.
[    7.544539] systemd[1]: Listening on fsck to fsckd communication Socket.
[[0;32m  OK  [0m] Listening on fsck to fsckd communication Socket.
[    7.558224] systemd[1]: Listening on udev Control Socket.
[[0;32m  OK  [0m] Listening on udev Control Socket.
[    7.568146] systemd[1]: Reached target User and Group Name Lookups.
[[0;32m  OK  [0m] Reached target User and Group Name Lookups.
[    7.579877] systemd[1]: Created slice User and Session Slice.
[[0;32m  OK  [0m] Created slice User and Session Slice.
[    7.590659] systemd[1]: Set up automount Arbitrary Executable File Formats File System Automount Point.
[[0;32m  OK  [0m] Set up automount Arbitrary Executab...ats File System Automount Point.
[    7.607509] systemd[1]: Listening on Syslog Socket.
[[0;32m  OK  [0m] Listening on Syslog Socket.
[    7.616435] systemd[1]: Listening on Journal Audit Socket.
[    7.622055] random: nonblocking pool is initialized
[[0;32m  OK  [0m] Listening on Journal Audit Socket.
[    7.630244] systemd[1]: Created slice System Slice.
[[0;32m  OK  [0m] Created slice System Slice.
[    7.640281] systemd[1]: Created slice system-serial\x2dgetty.slice.
[[0;32m  OK  [0m] Created slice system-serial\x2dgetty.slice.
[    7.652201] systemd[1]: Reached target Slices.
[[0;32m  OK  [0m] Reached target Slices.
[    7.661793] systemd[1]: Listening on LVM2 metadata daemon socket.
[[0;32m  OK  [0m] Listening on LVM2 metadata daemon socket.
[    7.672362] systemd[1]: Listening on Device-mapper event daemon FIFOs.
[[0;32m  OK  [0m] Listening on Device-mapper event daemon FIFOs.
[    7.683141] systemd[1]: Started Forward Password Requests to Wall Directory Watch.
[[0;32m  OK  [0m] Started Forward Password Requests to Wall Directory Watch.
[    7.715643] systemd[1]: Listening on Journal Socket (/dev/log).
[[0;32m  OK  [0m] Listening on Journal Socket (/dev/log).
[    7.725544] systemd[1]: Listening on /dev/initctl Compatibility Named Pipe.
[[0;32m  OK  [0m] Listening on /dev/initctl Compatibility Named Pipe.
[    7.735784] systemd[1]: Started Trigger resolvconf update for networkd DNS.
[[0;32m  OK  [0m] Started Trigger resolvconf update for networkd DNS.
[    7.747024] systemd[1]: Listening on Journal Socket.
[[0;32m  OK  [0m] Listening on Journal Socket.
[    7.756734] systemd[1]: Starting Monitoring of LVM2 mirrors, snapshots etc. using dmeventd or progress polling...
         Starting Monitoring of LVM2 mirrors... dmeventd or progress polling...
[    7.777824] systemd[1]: Starting Nameserver information manager...
         Starting Nameserver information manager...
[    7.793862] systemd[1]: Starting Journal Service...
         Starting Journal Service...
[    7.806553] systemd[1]: Mounting Huge Pages File System...
         Mounting Huge Pages File System...
[    7.829898] systemd[1]: Starting File System Check on Root Device...
         Starting File System Check on Root Device...
[    7.845923] systemd[1]: Starting Uncomplicated firewall...
         Starting Uncomplicated firewall...
[    7.866425] systemd[1]: Mounting Debug File System...
         Mounting Debug File System...
[    7.878711] systemd[1]: Starting Set console keymap...
         Starting Set console keymap...
[    7.888204] systemd[1]: Starting Create list of required static device nodes for the current kernel...
         Starting Create list of required st... nodes for the current kernel...
[    7.913920] systemd[1]: Reached target Encrypted Volumes.
[[0;32m  OK  [0m] Reached target Encrypted Volumes.
[    7.933509] systemd[1]: Mounting POSIX Message Queue File System...
         Mounting POSIX Message Queue File System...
[    7.950959] systemd[1]: Reached target System Time Synchronized.
[[0;32m  OK  [0m] Reached target System Time Synchronized.
[    7.970804] systemd[1]: Listening on udev Kernel Socket.
[[0;32m  OK  [0m] Listening on udev Kernel Socket.
[    7.991393] systemd[1]: Starting Load Kernel Modules...
         Starting Load Kernel Modules...
[    8.009291] systemd[1]: Mounted Huge Pages File System.
[[0;32m  OK  [0m] Mounted Huge Pages File System.
[    8.025499] systemd[1]: Mounted POSIX Message Queue File System.
[[0;32m  OK  [0m] Mounted POSIX Message Queue File System.
[    8.040973] Loading iSCSI transport class v2.0-870.
[    8.044517] systemd[1]: Mounted Debug File System.
[[0;32m  OK  [0m] Mounted Debug File System.
[    8.054684] systemd[1]: Started Journal Service.
[    8.058717] iscsi: registered transport (tcp)
[[0;32m  OK  [0m] Started Journal Service.
[[0;32m  OK  [0m] Started File System Check on Root Device.
[[0;32m  OK  [0m] Started Uncomplicated firewall.
[[0;32m  OK  [0m] Started Set console keymap.
[[0;32m  OK  [0m] Started Create list of required sta...ce nodes for the current kernel.
[[0;32m  OK  [0m] Started Nameserver information manager.
[[0;32m  OK  [0m] Started LVM2 metadata daemon.
[[0;32m  OK  [0m] Started File System Check Daemon to report status.
         Starting Create Static Device Nodes in /dev...
         Starting Remount Root and Kernel File Systems...
[    8.182094] iscsi: registered transport (iser)
[    8.191158] EXT4-fs (sda1): re-mounted. Opts: (null)
[[0;32m  OK  [0m] Started Load Kernel Modules.
[[0;32m  OK  [0m] Started Remount Root and Kernel File Systems.
[[0;32m  OK  [0m] Started Create Static Device Nodes in /dev.
         Starting udev Kernel Device Manager...
         Starting Flush Journal to Persistent Storage...
         Starting udev Coldplug all Devices...
         Starting Load/Save Random Seed...
         Starting Apply Kernel Variables...
         Mounting FUSE Control File System...
[[0;32m  OK  [0m] Started Load/Save Random Seed.
[[0;32m  OK  [0m] Started Apply Kernel Variables.
[[0;32m  OK  [0m] Mounted FUSE Control File System.
[[0;32m  OK  [0m] Started udev Kernel Device Manager.
[[0;32m  OK  [0m] Started Flush Journal to Persistent Storage.
[[0;32m  OK  [0m] Started udev Coldplug all Devices.
[[0;32m  OK  [0m] Started Dispatch Password Requests to Console Directory Watch.
[[0;32m  OK  [0m] Started Monitoring of LVM2 mirrors,...ng dmeventd or progress polling.
[[0;32m  OK  [0m] Reached target Local File Systems (Pre).
[[0;32m  OK  [0m] Reached target Local File Systems.
         Starting Set console font and keymap...
         Starting Commit a transient machine-id on disk...
         Starting Tell Plymouth To Write Out Runtime Data...
         Starting Create Volatile Files and Directories...
         Starting LSB: AppArmor initialization...
         Starting Initial cloud-init job (pre-networking)...
[[0;32m  OK  [0m] Started Commit a transient machine-id on disk.
[[0;32m  OK  [0m] Started Tell Plymouth To Write Out Runtime Data.
[[0;32m  OK  [0m] Started Create Volatile Files and Directories.
         Starting Update UTMP about System Boot/Shutdown...
[[0;32m  OK  [0m] Started Update UTMP about System Boot/Shutdown.
[[0;32m  OK  [0m] Found device /dev/ttyS0.
[[0;32m  OK  [0m] Listening on Load/Save RF Kill Switch Status /dev/rfkill Watch.
[    9.817619] cloud-init[509]: Cloud-init v. 21.1-19-gbad84ad4-0ubuntu1~16.04.2 running 'init-local' at Tue, 07 Mar 2023 12:49:38 +0000. Up 9.02 seconds.
[[0;32m  OK  [0m] Started Initial cloud-init job (pre-networking).
[[0;32m  OK  [0m] Reached target Network (Pre).
[[0;32m  OK  [0m] Started Set console font and keymap.
[[0;32m  OK  [0m] Created slice system-getty.slice.
[[0;32m  OK  [0m] Started LSB: AppArmor initialization.
         Starting Load AppArmor profiles managed internally by snapd...
         Starting Raise network interfaces...
[[0;32m  OK  [0m] Started Load AppArmor profiles managed internally by snapd.
[[0;32m  OK  [0m] Started Raise network interfaces.
[[0;32m  OK  [0m] Reached target Network.
         Starting Initial cloud-init job (metadata service crawler)...
[   12.359335] cloud-init[959]: Cloud-init v. 21.1-19-gbad84ad4-0ubuntu1~16.04.2 running 'init' at Tue, 07 Mar 2023 12:49:41 +0000. Up 11.84 seconds.
[   12.378597] cloud-init[959]: ci-info: ++++++++++++++++++++++++++++++++++++++Net device info+++++++++++++++++++++++++++++++++++++++
[   12.385900] cloud-init[959]: ci-info: +--------+-------+----------------------------+---------------+--------+-------------------+
[   12.402417] cloud-init[959]: ci-info: | Device |   Up  |          Address           |      Mask     | Scope  |     Hw-Address    |
[   12.419009] cloud-init[959]: ci-info: +--------+-------+----------------------------+---------------+--------+-------------------+
[   12.428169] cloud-init[959]: ci-info: | enp0s3 |  True |         10.0.2.15          | 255.255.255.0 | global | 02:be:82:6b:cc:1d |
[[0;32m  OK  [0m] Started Initial cloud-init job (metadata service crawler).
[   12.444494] cloud-init[959]: ci-info: | enp0s3 |  True | fe80::be:82ff:fe6b:cc1d/64 |       .       |  link  | 02:be:82:6b:cc:1d |[[0;32m  OK  [0m] Reached target Network is Online.
         Starting iSCSI initiator daemon (iscsid)...

[   12.458487] cloud-init[959]: ci-info: | enp0s8 | False |             .              |       .       |   .    | 08:00:27:c4:c4:df |
[   12.463530] cloud-init[959]: ci-info: |   lo   |  True |         127.0.0.1          |   255.0.0.0   |  host  |         .         |[[0;32m  OK  [0m] Reached target System Initialization.
[[0;32m  OK  [0m] Listening on UUID daemon activation socket.
[[0;32m  OK  [0m] Started Daily Cleanup of Temporary Directories.
[   12.480903] cloud-init[959]: 
[[0;32m  OK  [0m] ci-info: |   lo   |  True |          ::1/128           |       .       |  host  |         .         |Listening on D-Bus System Message Bus Socket.
         Starting Socket activation for snappy daemon.

         Starting LXD - unix socket.
[[0;32m  OK  [0m] Started Ubuntu Advantage update messaging.[   12.498837] cloud-init[959]: ci-info: +--------+-------+----------------------------+---------------+--------+-------------------+
[   12.514314] cloud-init[959]: ci-info: +++++++++++++++++++++++++++Route IPv4 info++++++++++++++++++++++++++++
[[0;32m  OK  [0m] Listening on ACPID Listen Socket.
[[0;32m  OK  [0m] Started Message of the Day.
[[0;32m  OK  [0m
[   12.527498] cloud-init[959]: ci-info: +-------+-------------+----------+---------------+-----------+-------+
[   12.532478] cloud-init[959]: ci-info: | Route | Destination | Gateway  |    Genmask    | Interface | Flags |
] Started Daily apt download activities.
[[0;32m  OK  [0m] Started Daily apt upgrade and clean activities.
[[0;32m  OK  [0m] Reached target Timers.
[   12.546960] cloud-init[959]: ci-info: +-------+-------------+----------+---------------+-----------+-------+
[[0;32m  OK  [0m] Started ACPI Events Check.
[[0;32m  OK  [0m] Reached target Paths.
[[0;32m  OK  [0m] Reached target Cloud-config availability.
[   12.552496] cloud-init[959]: ci-info: |   0   |   0.0.0.0   | 10.0.2.2 |    0.0.0.0    |   enp0s3  |   UG  |
[   12.570854] cloud-init[959]: ci-info: |   1   |   10.0.2.0  | 0.0.0.0  | 255.255.255.0 |   enp0s3  |   U   |
[[0;32m  OK  [0m] Listening on Socket activation for snappy daemon.
[[0;32m  OK  [0m] Listening on LXD - unix socket.
[[0;32m  OK  [0m] Reached target Sockets.[   12.587077] cloud-init[959]: ci-info: +-------+-------------+----------+---------------+-----------+-------+
[   12.591027] cloud-init[959]: ci-info: +++++++++++++++++++Route IPv6 info+++++++++++++++++++
[   12.595151] cloud-init
[[0;32m  OK  [0m] Reached target Basic System.
[959]: ci-info: +-------+-------------+---------+-----------+-------+         Starting /etc/rc.local Compatibility...

         Starting Accounts Service...
[[0;32m  OK  [0m] Started FUSE filesystem for LXC.
[[0;32m  OK  [0m] Started D-Bus System Message Bus.
[   12.609508] cloud-init[959]: ci-info: | Route | Destination | Gateway | Interface | Flags |
[   12.634193] cloud-init[959]: ci-info: +-------+-------------+---------+-----------+-------+
[   12.647016] cloud-init[959]: ci-info: |   0   |  fe80::/64  |    ::   |   enp0s3  |   U   |
[   12.663966] cloud-init[959]: ci-info: |   3   |   ff00::/8  |    ::   |   enp0s3  |   U   |
[   12.671911] cloud-init[959]: ci-info: +-------+-------------+---------+-----------+-------+
[   12.678590] cloud-init         Starting Virtualbox guest utils...
[959]: [[0;32m  OK  [0m] Started ACPI event daemon.
         Starting LSB: MD monitoring daemon...
Generating public/private rsa key pair.         Starting Pollinate to seed the pseudo random number generator...
         Starting System Logging Service...
[[0;32m  OK  [0m] Started Regular background program processing daemon.
         Starting Login Service...
[[0;32m  OK  [0m] Started Deferred execution scheduler.

         Starting LXD - container startup/shutdown...[   12.777008] 
         Starting LSB: Record successful boot for GRUB...
cloud-init[959]: Your identification has been saved in /etc/ssh/ssh_host_rsa_key.
         Starting Snap Daemon...
[[0;32m  OK  [0m] Started System Logging Service.
[[0;32m  OK  [0m] Started iSCSI initiator daemon (iscsid).
[[0;32m  OK  [0m] Started /etc/rc.local Compatibility.
[   12.847743] cloud-init[959]: Your public key has been saved in /etc/ssh/ssh_host_rsa_key.pub.
         Starting Authenticate and Authorize Users to Run Privileged Tasks...
         Starting Login to default iSCSI targets...
[[0;32m  OK  [0m] Started Login Service.
[[0;32m  OK  [0m] Started Unattended Upgrades Shutdown.
[[0;32m  OK  [0m] Started Login to default iSCSI targets.
[[0;32m  OK  [0m] Reached target Remote File Systems (Pre).
[[0;32m  OK  [0m] Reached target Remote File Systems.
         Starting Permit User Sessions...
         Starting LSB: daemon to balance interrupts for SMP systems...
         Starting LSB: automatic crash report generation...
         Starting LSB: Set the CPU Frequency Scaling governor to "ondemand"...
[[0;32m  OK  [0m] Started Permit User Sessions.
         Starting Hold until boot process finishes up...
         Starting Terminate Plymouth Boot Screen...
[[0;32m  OK  [0m] Started Hold until boot process finishes up.
[[0;32m  OK  [0m] Started LSB: MD monitoring daemon.
[   13.083595] cloud-init[959]: The key fingerprint is:
[[0;32m  OK  [0m] Started Terminate Plymouth Boot Screen.
[[0;32m  OK  [0m] Started LSB: Record successful boot for GRUB.[   13.105035] 
[[0;32m  OK  [0m] Started Authenticate and Authorize Users to Run Privileged Tasks.
[[0;32m  OK  [0mcloud-init[959]: ] Started Accounts Service.
[[0;32m  OK  [0m] Started Getty on tty1.
[[0;32m  OK  [0m] Started Serial Getty on ttyS0.
SHA256:w+elczeONOcXP2ZmA1noWvycVBUzHS5WaWtx3/hXdA0 root@ubuntu-xenial[[0;32m  OK  [0m] Reached target Login Prompts.
         Starting Set console scheme...
[[0;32m  OK  [0m] Started LSB: Set the CPU Frequency Scaling governor to "ondemand".

[[0;32m  OK  [0m] Started Set console scheme.
[   13.216124] cloud-init[959]: The key's randomart image is:
[[0;32m  OK  [0m] Started LSB: daemon to balance interrupts for SMP systems.
[[0;32m  OK  [0m] Started LSB: automatic crash report generation.
[   13.263103] cloud-init[959]: [[0;32m  OK  [0m] Started LXD - container startup/shutdown.
+---[RSA 2048]----+
[   13.292567] cloud-init[959]: |              EB*|
[   13.316790] cloud-init[959]: |              o+X|
[   13.357833] cloud-init[959]: |             oo+O|
[   13.392194] cloud-init[959]: |       .    ..o+=|
[[0;32m  OK  [0m] Started Virtualbox guest utils.
[   13.427073] cloud-init[959]: |        S . + +.o|
[   13.472220] cloud-init[959]: |         + o * oo|
[   13.479794] cloud-init[959]: |          + * O =|
[   13.494080] cloud-init[959]: |           = B %o|
[   13.512958] cloud-init[959]: |            . B.o|
[   13.520258] cloud-init[959]: +----[SHA256]-----+
[   13.544111] cloud-init[959]: Generating public/private dsa key pair.
[   13.552176] cloud-init[959]: Your identification has been saved in /etc/ssh/ssh_host_dsa_key.
[   13.560223] cloud-init[959]: Your public key has been saved in /etc/ssh/ssh_host_dsa_key.pub.
[   13.588226] cloud-init[959]: The key fingerprint is:
[   13.597475] cloud-init[959]: SHA256:Z39wus2i72PgK8qvKQjrKbDKX9wLPuBcfEYKJ4+E4kQ root@ubuntu-xenial
[   13.627255] cloud-init[959]: The key's randomart image is:
[   13.649466] cloud-init[959]: +---[DSA 1024]----+
[   13.660882] cloud-init[959]: |                 |
[   13.676147] cloud-init[959]: | E               |
[   13.685330] cloud-init[959]: |. .              |
[[0;32m  OK  [0m] Started Snap Daemon.
         Starting Wait until snapd is fully seeded...
[   13.712627] cloud-init[959]: |.o + . .         |
[   13.747429] cloud-init[959]: |+ . B o S o . .  |
[   13.767491] cloud-init[959]: |o. o.=.o o.. +   |
[   13.789739] cloud-init[959]: |.+o.o+o. . .o .  |
[   13.800189] cloud-init[959]: |= oo+o..o . +=   |
[   13.819184] cloud-init[959]: |=+.. o*=..o*+oo  |
[   13.826070] cloud-init[959]: +----[SHA256]-----+
[   13.839233] cloud-init[959]: Generating public/private ecdsa key pair.
[   13.844011] cloud-init[959]: Your identification has been saved in /etc/ssh/ssh_host_ecdsa_key.
[   13.857115] cloud-init[959]: Your public key has been saved in /etc/ssh/ssh_host_ecdsa_key.pub.
[   13.868268] cloud-init[959]: The key fingerprint is:
[   13.877499] cloud-init[959]: SHA256:xL+/+QBYAHl9iri8FGW06rYKrjfEQC3H0LkpvMjcebU root@ubuntu-xenial
[   13.889082] cloud-init[959]: The key's randomart image is:
[   13.895919] cloud-init[959]: +---[ECDSA 256]---+
[   13.903801] cloud-init[959]: | .= . .+o.       |
[   13.913815] cloud-init[959]: | o *  ..+o. .    |
[   13.920669] cloud-init[959]: |o o o  =+..o     |
[   13.926381] cloud-init[959]: |.o o  o+.+.      |
[   13.935630] cloud-init[959]: |+o+ ..ooS o      |
[   13.943578] cloud-init[959]: |.+oo o+E   o     |
[   13.949323] cloud-init[959]: | .. ..o.  . .    |
[   13.955767] cloud-init[959]: | .o. ...   . o   |
[   13.963488] cloud-init[959]: |.o.....     +o.  |
[   13.973480] cloud-init[959]: +----[SHA256]-----+
[   13.977760] cloud-init[959]: Generating public/private ed25519 key pair.
[   13.986318] cloud-init[959]: Your identification has been saved in /etc/ssh/ssh_host_ed25519_key.
[   13.996283] cloud-init[959]: Your public key has been saved in /etc/ssh/ssh_host_ed25519_key.pub.
[   14.003272] cloud-init[959]: The key fingerprint is:
[   14.013070] cloud-init[959]: SHA256:sqS98UYF+nSLkdlKZhQGMFgtkekhuGdNIbJR7QgxJQo root@ubuntu-xenial
[   14.026039] cloud-init[959]: The key's randomart image is:
[   14.044161] cloud-init[959]: +--[ED25519 256]--+
[   14.050151] cloud-init[959]: |E=++*B..o.       |
[   14.061031] cloud-init[959]: |=*o.B...o        |
[   14.070162] cloud-init[959]: |oo B o o =       |
[   14.078623] cloud-init[959]: |. + + . O +      |
[   14.086114] cloud-init[959]: | o    o*S* .     |
[   14.096930] cloud-init[959]: |     + o= .      |
[   14.105808] cloud-init[959]: |    . +.         |
[   14.115522] cloud-init[959]: |       +.        |
[   14.129243] cloud-init[959]: |      ...        |
[   14.134711] cloud-init[959]: +----[SHA256]-----+
[[0;32m  OK  [0m] Started Pollinate to seed the pseudo random number generator.
         Starting OpenBSD Secure Shell server...
[[0;32m  OK  [0m] Started OpenBSD Secure Shell server.
[[0;32m  OK  [0m] Started Wait until snapd is fully seeded.
[[0;32m  OK  [0m] Reached target Multi-User System.
[[0;32m  OK  [0m] Reached target Graphical Interface.
         Starting Update UTMP about System Runlevel Changes...
         Starting Apply the settings specified in cloud-config...
[[0;32m  OK  [0m] Started Update UTMP about System Runlevel Changes.
[   16.758200] cloud-init[1314]: Generating locales (this might take a while)...
[[0;32m  OK  [0m] Created slice User Slice of vagrant.
         Starting User Manager for UID 1000...
[[0;32m  OK  [0m] Started Session 1 of user vagrant.
[[0;32m  OK  [0m] Started User Manager for UID 1000.
[   17.940146] cloud-init[1314]:   en_US.UTF-8... done
[   17.964835] cloud-init[1314]: Generation complete.
[   18.661803] cloud-init[1314]: Cloud-init v. 21.1-19-gbad84ad4-0ubuntu1~16.04.2 running 'modules:config' at Tue, 07 Mar 2023 12:49:46 +0000. Up 16.66 seconds.

Ubuntu 16.04.7 LTS ubuntu-xenial ttyS0

ubuntu-xenial login: ci-info: no authorized SSH keys fingerprints found for user ubuntu.
<14>Mar  7 12:49:49 ec2: 
<14>Mar  7 12:49:49 ec2: #############################################################
<14>Mar  7 12:49:49 ec2: -----BEGIN SSH HOST KEY FINGERPRINTS-----
<14>Mar  7 12:49:49 ec2: 1024 SHA256:Z39wus2i72PgK8qvKQjrKbDKX9wLPuBcfEYKJ4+E4kQ root@ubuntu-xenial (DSA)
<14>Mar  7 12:49:49 ec2: 256 SHA256:xL+/+QBYAHl9iri8FGW06rYKrjfEQC3H0LkpvMjcebU root@ubuntu-xenial (ECDSA)
<14>Mar  7 12:49:49 ec2: 256 SHA256:sqS98UYF+nSLkdlKZhQGMFgtkekhuGdNIbJR7QgxJQo root@ubuntu-xenial (ED25519)
<14>Mar  7 12:49:49 ec2: 2048 SHA256:w+elczeONOcXP2ZmA1noWvycVBUzHS5WaWtx3/hXdA0 root@ubuntu-xenial (RSA)
<14>Mar  7 12:49:49 ec2: -----END SSH HOST KEY FINGERPRINTS-----
<14>Mar  7 12:49:49 ec2: #############################################################
-----BEGIN SSH HOST KEY KEYS-----
ecdsa-sha2-nistp256 AAAAE2VjZHNhLXNoYTItbmlzdHAyNTYAAAAIbmlzdHAyNTYAAABBBHLbRA6tlBSjYreRALmNwlpNPucdeoMPixgB4ef5qs8sLFiCq1gKYMZ2tYxTX2svyEAfkF0+xZOjfzy/EFfI57I= root@ubuntu-xenial
ssh-ed25519 AAAAC3NzaC1lZDI1NTE5AAAAIBgKqmek/2dnGRQL+thGYYjqDeTZLa09z0XX1IzSG1JN root@ubuntu-xenial
ssh-rsa AAAAB3NzaC1yc2EAAAADAQABAAABAQDUKX7zNe4l7FtTUQsmvdh7PPSpJ58lWwnaKK4I1vlzvJU+F/gtaZ4DyvE/cowDJUvIGjVtVReyu/60BaQxWuIMY3N/ZXnDhowkaG1KHeguK7/wjSEb1FAjkeD0WBO2FM83flxMv//fHQa3RtJaoLl3L32MfHxlSCo+T0CS39ca7mHEKXUFntDpEqhQP0FbyhNTft0dDw5JQZ175Q/nUhHNIvg+ZYwIABpxWT+szHMsVkfwDpgqAeLgf5ltQCoMBtZTJ6UNTKjx2ASrlC3HnNktt2+5FBhcPLm97kem99+8PtOpeTBOf6xvqFBAnjm4hhsA5FvbfJlDycJxFN93b3gR root@ubuntu-xenial
-----END SSH HOST KEY KEYS-----
[   19.824679] cloud-init[1437]: Cloud-init v. 21.1-19-gbad84ad4-0ubuntu1~16.04.2 running 'modules:final' at Tue, 07 Mar 2023 12:49:48 +0000. Up 19.40 seconds.
[   19.830836] cloud-init[1437]: ci-info: no authorized SSH keys fingerprints found for user ubuntu.
[   19.867453] cloud-init[1437]: Cloud-init v. 21.1-19-gbad84ad4-0ubuntu1~16.04.2 finished at Tue, 07 Mar 2023 12:49:49 +0000. Datasource DataSourceNoCloud [seed=/dev/sdb][dsmode=net].  Up 19.80 seconds
